2025-03-17 01:47:52,696 - sciml.model.fno.fno - INFO - Model initialized with 50 epochs, 32 batch size, 0.001 learning rate
2025-03-17 01:48:02,028 - sciml.model.fno.fno - INFO - === Partial Training Started ===
2025-03-17 01:48:02,056 - sciml.model.fno.fno - INFO - Model Configuration:
2025-03-17 01:48:02,058 - sciml.model.fno.fno - INFO - Hyperparameters: {
  "p_1": 30,
  "p_2": 30,
  "p_3": 30,
  "device": "GPU",
  "n_epochs": 50,
  "index": 450,
  "alpha": 0.5,
  "folder_path": "data/test_data/big_dataset_fno/heat2d/",
  "best_loss": 5e-05
}
2025-03-17 01:48:02,060 - sciml.model.fno.fno - INFO - Fourier Parameters: {
  "n_layers": 4,
  "dim_coords": 2,
  "n_modes": 30,
  "activation": "relu",
  "kernel_initializer": "he_normal"
}
2025-03-17 01:48:02,062 - sciml.model.fno.fno - INFO - Data Shape - Inputs: (500, 30, 30), Solutions: (500, 30, 30)
2025-03-17 01:48:02,063 - sciml.model.fno.fno - INFO - Alpha (partial training fraction): 0.5
2025-03-17 01:48:02,064 - sciml.model.fno.fno - INFO - Device: GPU
2025-03-17 01:48:01,894 - sciml.model.fno.fno - INFO - Epoch 1/50
2025-03-17 01:48:01,895 - sciml.model.fno.fno - INFO - Training Loss: 0.086100
2025-03-17 01:48:01,896 - sciml.model.fno.fno - INFO - Test Loss: 0.069976
2025-03-17 01:48:03,273 - sciml.model.fno.fno - INFO - Epoch 2/50
2025-03-17 01:48:03,274 - sciml.model.fno.fno - INFO - Training Loss: 0.075682
2025-03-17 01:48:03,275 - sciml.model.fno.fno - INFO - Test Loss: 0.057758
2025-03-17 01:48:04,619 - sciml.model.fno.fno - INFO - Epoch 3/50
2025-03-17 01:48:04,620 - sciml.model.fno.fno - INFO - Training Loss: 0.058379
2025-03-17 01:48:04,621 - sciml.model.fno.fno - INFO - Test Loss: 0.038752
2025-03-17 01:48:05,932 - sciml.model.fno.fno - INFO - Epoch 4/50
2025-03-17 01:48:05,932 - sciml.model.fno.fno - INFO - Training Loss: 0.034500
2025-03-17 01:48:05,933 - sciml.model.fno.fno - INFO - Test Loss: 0.019563
2025-03-17 01:48:07,246 - sciml.model.fno.fno - INFO - Epoch 5/50
2025-03-17 01:48:07,247 - sciml.model.fno.fno - INFO - Training Loss: 0.016525
2025-03-17 01:48:07,247 - sciml.model.fno.fno - INFO - Test Loss: 0.017276
2025-03-17 01:48:08,561 - sciml.model.fno.fno - INFO - Epoch 6/50
2025-03-17 01:48:08,563 - sciml.model.fno.fno - INFO - Training Loss: 0.011819
2025-03-17 01:48:08,563 - sciml.model.fno.fno - INFO - Test Loss: 0.012708
2025-03-17 01:48:09,851 - sciml.model.fno.fno - INFO - Epoch 7/50
2025-03-17 01:48:09,852 - sciml.model.fno.fno - INFO - Training Loss: 0.007316
2025-03-17 01:48:09,853 - sciml.model.fno.fno - INFO - Test Loss: 0.006286
2025-03-17 01:48:11,168 - sciml.model.fno.fno - INFO - Epoch 8/50
2025-03-17 01:48:11,168 - sciml.model.fno.fno - INFO - Training Loss: 0.003010
2025-03-17 01:48:11,169 - sciml.model.fno.fno - INFO - Test Loss: 0.002837
2025-03-17 01:48:12,620 - sciml.model.fno.fno - INFO - Epoch 9/50
2025-03-17 01:48:12,621 - sciml.model.fno.fno - INFO - Training Loss: 0.001695
2025-03-17 01:48:12,621 - sciml.model.fno.fno - INFO - Test Loss: 0.001602
2025-03-17 01:48:13,993 - sciml.model.fno.fno - INFO - Epoch 10/50
2025-03-17 01:48:13,994 - sciml.model.fno.fno - INFO - Training Loss: 0.001059
2025-03-17 01:48:13,994 - sciml.model.fno.fno - INFO - Test Loss: 0.001051
2025-03-17 01:48:15,302 - sciml.model.fno.fno - INFO - Epoch 11/50
2025-03-17 01:48:15,303 - sciml.model.fno.fno - INFO - Training Loss: 0.000759
2025-03-17 01:48:15,304 - sciml.model.fno.fno - INFO - Test Loss: 0.000688
2025-03-17 01:48:16,594 - sciml.model.fno.fno - INFO - Epoch 12/50
2025-03-17 01:48:16,595 - sciml.model.fno.fno - INFO - Training Loss: 0.000614
2025-03-17 01:48:16,595 - sciml.model.fno.fno - INFO - Test Loss: 0.000603
2025-03-17 01:48:17,832 - sciml.model.fno.fno - INFO - Epoch 13/50
2025-03-17 01:48:17,833 - sciml.model.fno.fno - INFO - Training Loss: 0.000520
2025-03-17 01:48:17,834 - sciml.model.fno.fno - INFO - Test Loss: 0.000511
2025-03-17 01:48:19,179 - sciml.model.fno.fno - INFO - Epoch 14/50
2025-03-17 01:48:19,180 - sciml.model.fno.fno - INFO - Training Loss: 0.000490
2025-03-17 01:48:19,181 - sciml.model.fno.fno - INFO - Test Loss: 0.000490
2025-03-17 01:48:20,741 - sciml.model.fno.fno - INFO - Epoch 15/50
2025-03-17 01:48:20,742 - sciml.model.fno.fno - INFO - Training Loss: 0.000427
2025-03-17 01:48:20,743 - sciml.model.fno.fno - INFO - Test Loss: 0.000453
2025-03-17 01:48:22,362 - sciml.model.fno.fno - INFO - Epoch 16/50
2025-03-17 01:48:22,363 - sciml.model.fno.fno - INFO - Training Loss: 0.000407
2025-03-17 01:48:22,363 - sciml.model.fno.fno - INFO - Test Loss: 0.000421
2025-03-17 01:48:23,849 - sciml.model.fno.fno - INFO - Epoch 17/50
2025-03-17 01:48:23,850 - sciml.model.fno.fno - INFO - Training Loss: 0.000381
2025-03-17 01:48:23,850 - sciml.model.fno.fno - INFO - Test Loss: 0.000407
2025-03-17 01:48:25,311 - sciml.model.fno.fno - INFO - Epoch 18/50
2025-03-17 01:48:25,312 - sciml.model.fno.fno - INFO - Training Loss: 0.000352
2025-03-17 01:48:25,312 - sciml.model.fno.fno - INFO - Test Loss: 0.000392
2025-03-17 01:48:26,781 - sciml.model.fno.fno - INFO - Epoch 19/50
2025-03-17 01:48:26,782 - sciml.model.fno.fno - INFO - Training Loss: 0.000335
2025-03-17 01:48:26,783 - sciml.model.fno.fno - INFO - Test Loss: 0.000377
2025-03-17 01:48:28,203 - sciml.model.fno.fno - INFO - Epoch 20/50
2025-03-17 01:48:28,203 - sciml.model.fno.fno - INFO - Training Loss: 0.000320
2025-03-17 01:48:28,204 - sciml.model.fno.fno - INFO - Test Loss: 0.000366
2025-03-17 01:48:29,562 - sciml.model.fno.fno - INFO - Epoch 21/50
2025-03-17 01:48:29,562 - sciml.model.fno.fno - INFO - Training Loss: 0.000298
2025-03-17 01:48:29,563 - sciml.model.fno.fno - INFO - Test Loss: 0.000354
2025-03-17 01:48:30,839 - sciml.model.fno.fno - INFO - Epoch 22/50
2025-03-17 01:48:30,840 - sciml.model.fno.fno - INFO - Training Loss: 0.000280
2025-03-17 01:48:30,840 - sciml.model.fno.fno - INFO - Test Loss: 0.000344
2025-03-17 01:48:32,089 - sciml.model.fno.fno - INFO - Epoch 23/50
2025-03-17 01:48:32,090 - sciml.model.fno.fno - INFO - Training Loss: 0.000269
2025-03-17 01:48:32,091 - sciml.model.fno.fno - INFO - Test Loss: 0.000337
2025-03-17 01:48:30,877 - sciml.model.fno.fno - INFO - Epoch 24/50
2025-03-17 01:48:30,878 - sciml.model.fno.fno - INFO - Training Loss: 0.000262
2025-03-17 01:48:30,879 - sciml.model.fno.fno - INFO - Test Loss: 0.000325
2025-03-17 01:49:11,546 - sciml.model.fno.fno - INFO - Model initialized with 5 epochs, 32 batch size, 0.001 learning rate
2025-03-17 01:49:19,913 - sciml.model.fno.fno - INFO - === Partial Training Started ===
2025-03-17 01:49:19,934 - sciml.model.fno.fno - INFO - Model Configuration:
2025-03-17 01:49:19,935 - sciml.model.fno.fno - INFO - Hyperparameters: {
  "p_1": 30,
  "p_2": 30,
  "p_3": 30,
  "device": "GPU",
  "n_epochs": 5,
  "index": 450,
  "alpha": 0.5,
  "folder_path": "data/test_data/big_dataset_fno/heat2d/",
  "best_loss": 5e-05
}
2025-03-17 01:49:19,936 - sciml.model.fno.fno - INFO - Fourier Parameters: {
  "n_layers": 4,
  "dim_coords": 2,
  "n_modes": 30,
  "activation": "relu",
  "kernel_initializer": "he_normal"
}
2025-03-17 01:49:19,938 - sciml.model.fno.fno - INFO - Data Shape - Inputs: (500, 30, 30), Solutions: (500, 30, 30)
2025-03-17 01:49:19,939 - sciml.model.fno.fno - INFO - Alpha (partial training fraction): 0.5
2025-03-17 01:49:19,940 - sciml.model.fno.fno - INFO - Device: GPU
2025-03-17 01:49:21,950 - sciml.model.fno.fno - INFO - Epoch 1/5
2025-03-17 01:49:21,951 - sciml.model.fno.fno - INFO - Training Loss: 0.085945
2025-03-17 01:49:21,952 - sciml.model.fno.fno - INFO - Test Loss: 0.069455
2025-03-17 01:49:23,317 - sciml.model.fno.fno - INFO - Epoch 2/5
2025-03-17 01:49:23,317 - sciml.model.fno.fno - INFO - Training Loss: 0.074287
2025-03-17 01:49:23,318 - sciml.model.fno.fno - INFO - Test Loss: 0.055372
2025-03-17 01:49:24,679 - sciml.model.fno.fno - INFO - Epoch 3/5
2025-03-17 01:49:24,681 - sciml.model.fno.fno - INFO - Training Loss: 0.054294
2025-03-17 01:49:24,682 - sciml.model.fno.fno - INFO - Test Loss: 0.034012
2025-03-17 01:49:26,017 - sciml.model.fno.fno - INFO - Epoch 4/5
2025-03-17 01:49:26,017 - sciml.model.fno.fno - INFO - Training Loss: 0.028952
2025-03-17 01:49:26,018 - sciml.model.fno.fno - INFO - Test Loss: 0.017291
2025-03-17 01:49:27,335 - sciml.model.fno.fno - INFO - Epoch 5/5
2025-03-17 01:49:27,336 - sciml.model.fno.fno - INFO - Training Loss: 0.015766
2025-03-17 01:49:27,336 - sciml.model.fno.fno - INFO - Test Loss: 0.018730
2025-03-17 01:49:27,339 - sciml.model.fno.fno - ERROR - Failed to save weights: [Errno 2] No such file or directory: 'data/weights/fno/loss_history_train_2025-03-17_01-49-27.json'
2025-03-17 01:49:27,342 - sciml.model.fno.fno - INFO - === Partial Training Completed ===
2025-03-17 01:49:27,343 - sciml.model.fno.fno - INFO - Final Training Loss: 0.015766
2025-03-17 01:49:27,344 - sciml.model.fno.fno - INFO - Final Test Loss: 0.018730
