2025-03-16 23:44:15,178 - sciml.model.fno.fno - INFO - Model initialized with 50 epochs, 32 batch size, 0.001 learning rate
2025-03-16 23:44:24,392 - sciml.model.fno.fno - INFO - === Partial Training Started ===
2025-03-16 23:44:24,401 - sciml.model.fno.fno - INFO - Model Configuration:
2025-03-16 23:44:24,404 - sciml.model.fno.fno - INFO - Hyperparameters: {
  "p_1": 30,
  "p_2": 30,
  "p_3": 30,
  "device": "GPU",
  "n_epochs": 50,
  "index": 450,
  "alpha": 0.5,
  "folder_path": "data/test_data/big_dataset_fno/heat2d/",
  "best_loss": 5e-05
}
2025-03-16 23:44:24,404 - sciml.model.fno.fno - INFO - Fourier Parameters: {
  "n_layers": 4,
  "dim_coords": 2,
  "n_modes": 30,
  "activation": "relu",
  "kernel_initializer": "he_normal"
}
2025-03-16 23:44:24,406 - sciml.model.fno.fno - INFO - Data Shape - Inputs: (500, 30, 30), Solutions: (500, 30, 30)
2025-03-16 23:44:24,406 - sciml.model.fno.fno - INFO - Alpha (partial training fraction): 0.5
2025-03-16 23:44:24,406 - sciml.model.fno.fno - INFO - Device: GPU
2025-03-16 23:44:26,498 - sciml.model.fno.fno - INFO - Epoch 1/50
2025-03-16 23:44:26,498 - sciml.model.fno.fno - INFO - Training Loss: 0.085967
2025-03-16 23:44:26,498 - sciml.model.fno.fno - INFO - Test Loss: 0.069503
2025-03-16 23:44:27,762 - sciml.model.fno.fno - INFO - Epoch 2/50
2025-03-16 23:44:27,762 - sciml.model.fno.fno - INFO - Training Loss: 0.074208
2025-03-16 23:44:27,762 - sciml.model.fno.fno - INFO - Test Loss: 0.054957
2025-03-16 23:44:29,023 - sciml.model.fno.fno - INFO - Epoch 3/50
2025-03-16 23:44:29,023 - sciml.model.fno.fno - INFO - Training Loss: 0.053082
2025-03-16 23:44:29,024 - sciml.model.fno.fno - INFO - Test Loss: 0.031995
2025-03-16 23:44:30,382 - sciml.model.fno.fno - INFO - Epoch 4/50
2025-03-16 23:44:30,383 - sciml.model.fno.fno - INFO - Training Loss: 0.024089
2025-03-16 23:44:30,383 - sciml.model.fno.fno - INFO - Test Loss: 0.015807
2025-03-16 23:44:31,644 - sciml.model.fno.fno - INFO - Epoch 5/50
2025-03-16 23:44:31,644 - sciml.model.fno.fno - INFO - Training Loss: 0.010386
2025-03-16 23:44:31,644 - sciml.model.fno.fno - INFO - Test Loss: 0.011353
2025-03-16 23:44:32,900 - sciml.model.fno.fno - INFO - Epoch 6/50
2025-03-16 23:44:32,900 - sciml.model.fno.fno - INFO - Training Loss: 0.007547
2025-03-16 23:44:32,900 - sciml.model.fno.fno - INFO - Test Loss: 0.006392
2025-03-16 23:44:34,141 - sciml.model.fno.fno - INFO - Epoch 7/50
2025-03-16 23:44:34,141 - sciml.model.fno.fno - INFO - Training Loss: 0.003158
2025-03-16 23:44:34,141 - sciml.model.fno.fno - INFO - Test Loss: 0.002728
2025-03-16 23:44:35,370 - sciml.model.fno.fno - INFO - Epoch 8/50
2025-03-16 23:44:35,371 - sciml.model.fno.fno - INFO - Training Loss: 0.001581
2025-03-16 23:44:35,371 - sciml.model.fno.fno - INFO - Test Loss: 0.001556
2025-03-16 23:44:36,599 - sciml.model.fno.fno - INFO - Epoch 9/50
2025-03-16 23:44:36,599 - sciml.model.fno.fno - INFO - Training Loss: 0.000980
2025-03-16 23:44:36,599 - sciml.model.fno.fno - INFO - Test Loss: 0.001037
2025-03-16 23:44:34,943 - sciml.model.fno.fno - INFO - Epoch 10/50
2025-03-16 23:44:34,943 - sciml.model.fno.fno - INFO - Training Loss: 0.000743
2025-03-16 23:44:34,943 - sciml.model.fno.fno - INFO - Test Loss: 0.000776
2025-03-16 23:44:36,130 - sciml.model.fno.fno - INFO - Epoch 11/50
2025-03-16 23:44:36,131 - sciml.model.fno.fno - INFO - Training Loss: 0.000614
2025-03-16 23:44:36,131 - sciml.model.fno.fno - INFO - Test Loss: 0.000630
2025-03-16 23:44:37,314 - sciml.model.fno.fno - INFO - Epoch 12/50
2025-03-16 23:44:37,314 - sciml.model.fno.fno - INFO - Training Loss: 0.000518
2025-03-16 23:44:37,314 - sciml.model.fno.fno - INFO - Test Loss: 0.000526
2025-03-16 23:44:38,511 - sciml.model.fno.fno - INFO - Epoch 13/50
2025-03-16 23:44:38,511 - sciml.model.fno.fno - INFO - Training Loss: 0.000464
2025-03-16 23:44:38,511 - sciml.model.fno.fno - INFO - Test Loss: 0.000460
2025-03-16 23:44:39,705 - sciml.model.fno.fno - INFO - Epoch 14/50
2025-03-16 23:44:39,705 - sciml.model.fno.fno - INFO - Training Loss: 0.000412
2025-03-16 23:44:39,705 - sciml.model.fno.fno - INFO - Test Loss: 0.000408
2025-03-16 23:44:40,888 - sciml.model.fno.fno - INFO - Epoch 15/50
2025-03-16 23:44:40,889 - sciml.model.fno.fno - INFO - Training Loss: 0.000375
2025-03-16 23:44:40,889 - sciml.model.fno.fno - INFO - Test Loss: 0.000369
2025-03-16 23:44:42,072 - sciml.model.fno.fno - INFO - Epoch 16/50
2025-03-16 23:44:42,073 - sciml.model.fno.fno - INFO - Training Loss: 0.000344
2025-03-16 23:44:42,073 - sciml.model.fno.fno - INFO - Test Loss: 0.000339
2025-03-16 23:44:43,262 - sciml.model.fno.fno - INFO - Epoch 17/50
2025-03-16 23:44:43,262 - sciml.model.fno.fno - INFO - Training Loss: 0.000317
2025-03-16 23:44:43,262 - sciml.model.fno.fno - INFO - Test Loss: 0.000315
2025-03-16 23:44:44,442 - sciml.model.fno.fno - INFO - Epoch 18/50
2025-03-16 23:44:44,442 - sciml.model.fno.fno - INFO - Training Loss: 0.000294
2025-03-16 23:44:44,442 - sciml.model.fno.fno - INFO - Test Loss: 0.000297
2025-03-16 23:44:45,650 - sciml.model.fno.fno - INFO - Epoch 19/50
2025-03-16 23:44:45,651 - sciml.model.fno.fno - INFO - Training Loss: 0.000275
2025-03-16 23:44:45,651 - sciml.model.fno.fno - INFO - Test Loss: 0.000284
2025-03-16 23:44:46,844 - sciml.model.fno.fno - INFO - Epoch 20/50
2025-03-16 23:44:46,844 - sciml.model.fno.fno - INFO - Training Loss: 0.000258
2025-03-16 23:44:46,844 - sciml.model.fno.fno - INFO - Test Loss: 0.000275
2025-03-16 23:44:48,036 - sciml.model.fno.fno - INFO - Epoch 21/50
2025-03-16 23:44:48,036 - sciml.model.fno.fno - INFO - Training Loss: 0.000244
2025-03-16 23:44:48,036 - sciml.model.fno.fno - INFO - Test Loss: 0.000272
2025-03-16 23:44:49,216 - sciml.model.fno.fno - INFO - Epoch 22/50
2025-03-16 23:44:49,217 - sciml.model.fno.fno - INFO - Training Loss: 0.000233
2025-03-16 23:44:49,217 - sciml.model.fno.fno - INFO - Test Loss: 0.000266
2025-03-16 23:44:50,427 - sciml.model.fno.fno - INFO - Epoch 23/50
2025-03-16 23:44:50,427 - sciml.model.fno.fno - INFO - Training Loss: 0.000221
2025-03-16 23:44:50,428 - sciml.model.fno.fno - INFO - Test Loss: 0.000264
2025-03-16 23:44:51,621 - sciml.model.fno.fno - INFO - Epoch 24/50
2025-03-16 23:44:51,621 - sciml.model.fno.fno - INFO - Training Loss: 0.000211
2025-03-16 23:44:51,621 - sciml.model.fno.fno - INFO - Test Loss: 0.000257
2025-03-16 23:44:52,827 - sciml.model.fno.fno - INFO - Epoch 25/50
2025-03-16 23:44:52,827 - sciml.model.fno.fno - INFO - Training Loss: 0.000201
2025-03-16 23:44:52,827 - sciml.model.fno.fno - INFO - Test Loss: 0.000245
2025-03-16 23:44:54,036 - sciml.model.fno.fno - INFO - Epoch 26/50
2025-03-16 23:44:54,036 - sciml.model.fno.fno - INFO - Training Loss: 0.000191
2025-03-16 23:44:54,036 - sciml.model.fno.fno - INFO - Test Loss: 0.000232
2025-03-16 23:44:55,236 - sciml.model.fno.fno - INFO - Epoch 27/50
2025-03-16 23:44:55,236 - sciml.model.fno.fno - INFO - Training Loss: 0.000182
2025-03-16 23:44:55,236 - sciml.model.fno.fno - INFO - Test Loss: 0.000219
2025-03-16 23:44:56,421 - sciml.model.fno.fno - INFO - Epoch 28/50
2025-03-16 23:44:56,421 - sciml.model.fno.fno - INFO - Training Loss: 0.000172
2025-03-16 23:44:56,421 - sciml.model.fno.fno - INFO - Test Loss: 0.000208
2025-03-16 23:44:57,611 - sciml.model.fno.fno - INFO - Epoch 29/50
2025-03-16 23:44:57,611 - sciml.model.fno.fno - INFO - Training Loss: 0.000163
2025-03-16 23:44:57,611 - sciml.model.fno.fno - INFO - Test Loss: 0.000194
2025-03-16 23:44:58,799 - sciml.model.fno.fno - INFO - Epoch 30/50
2025-03-16 23:44:58,799 - sciml.model.fno.fno - INFO - Training Loss: 0.000155
2025-03-16 23:44:58,799 - sciml.model.fno.fno - INFO - Test Loss: 0.000185
2025-03-16 23:44:59,997 - sciml.model.fno.fno - INFO - Epoch 31/50
2025-03-16 23:44:59,998 - sciml.model.fno.fno - INFO - Training Loss: 0.000148
2025-03-16 23:44:59,998 - sciml.model.fno.fno - INFO - Test Loss: 0.000178
2025-03-16 23:45:01,187 - sciml.model.fno.fno - INFO - Epoch 32/50
2025-03-16 23:45:01,187 - sciml.model.fno.fno - INFO - Training Loss: 0.000143
2025-03-16 23:45:01,187 - sciml.model.fno.fno - INFO - Test Loss: 0.000173
2025-03-16 23:45:02,369 - sciml.model.fno.fno - INFO - Epoch 33/50
2025-03-16 23:45:02,370 - sciml.model.fno.fno - INFO - Training Loss: 0.000140
2025-03-16 23:45:02,370 - sciml.model.fno.fno - INFO - Test Loss: 0.000169
2025-03-16 23:45:03,563 - sciml.model.fno.fno - INFO - Epoch 34/50
2025-03-16 23:45:03,563 - sciml.model.fno.fno - INFO - Training Loss: 0.000138
2025-03-16 23:45:03,563 - sciml.model.fno.fno - INFO - Test Loss: 0.000165
2025-03-16 23:45:04,748 - sciml.model.fno.fno - INFO - Epoch 35/50
2025-03-16 23:45:04,748 - sciml.model.fno.fno - INFO - Training Loss: 0.000135
2025-03-16 23:45:04,748 - sciml.model.fno.fno - INFO - Test Loss: 0.000163
2025-03-16 23:45:05,928 - sciml.model.fno.fno - INFO - Epoch 36/50
2025-03-16 23:45:05,928 - sciml.model.fno.fno - INFO - Training Loss: 0.000133
2025-03-16 23:45:05,928 - sciml.model.fno.fno - INFO - Test Loss: 0.000160
2025-03-16 23:45:04,227 - sciml.model.fno.fno - INFO - Epoch 37/50
2025-03-16 23:45:04,227 - sciml.model.fno.fno - INFO - Training Loss: 0.000131
2025-03-16 23:45:04,227 - sciml.model.fno.fno - INFO - Test Loss: 0.000158
2025-03-16 23:45:05,401 - sciml.model.fno.fno - INFO - Epoch 38/50
2025-03-16 23:45:05,402 - sciml.model.fno.fno - INFO - Training Loss: 0.000130
2025-03-16 23:45:05,402 - sciml.model.fno.fno - INFO - Test Loss: 0.000156
2025-03-16 23:45:06,596 - sciml.model.fno.fno - INFO - Epoch 39/50
2025-03-16 23:45:06,596 - sciml.model.fno.fno - INFO - Training Loss: 0.000128
2025-03-16 23:45:06,596 - sciml.model.fno.fno - INFO - Test Loss: 0.000155
2025-03-16 23:45:07,789 - sciml.model.fno.fno - INFO - Epoch 40/50
2025-03-16 23:45:07,789 - sciml.model.fno.fno - INFO - Training Loss: 0.000127
2025-03-16 23:45:07,789 - sciml.model.fno.fno - INFO - Test Loss: 0.000153
2025-03-16 23:45:08,984 - sciml.model.fno.fno - INFO - Epoch 41/50
2025-03-16 23:45:08,984 - sciml.model.fno.fno - INFO - Training Loss: 0.000126
2025-03-16 23:45:08,985 - sciml.model.fno.fno - INFO - Test Loss: 0.000151
2025-03-16 23:45:10,189 - sciml.model.fno.fno - INFO - Epoch 42/50
2025-03-16 23:45:10,190 - sciml.model.fno.fno - INFO - Training Loss: 0.000125
2025-03-16 23:45:10,190 - sciml.model.fno.fno - INFO - Test Loss: 0.000149
2025-03-16 23:45:11,389 - sciml.model.fno.fno - INFO - Epoch 43/50
2025-03-16 23:45:11,390 - sciml.model.fno.fno - INFO - Training Loss: 0.000124
2025-03-16 23:45:11,390 - sciml.model.fno.fno - INFO - Test Loss: 0.000148
2025-03-16 23:45:12,574 - sciml.model.fno.fno - INFO - Epoch 44/50
2025-03-16 23:45:12,574 - sciml.model.fno.fno - INFO - Training Loss: 0.000124
2025-03-16 23:45:12,574 - sciml.model.fno.fno - INFO - Test Loss: 0.000147
2025-03-16 23:45:13,756 - sciml.model.fno.fno - INFO - Epoch 45/50
2025-03-16 23:45:13,757 - sciml.model.fno.fno - INFO - Training Loss: 0.000123
2025-03-16 23:45:13,757 - sciml.model.fno.fno - INFO - Test Loss: 0.000145
2025-03-16 23:45:15,022 - sciml.model.fno.fno - INFO - Epoch 46/50
2025-03-16 23:45:15,022 - sciml.model.fno.fno - INFO - Training Loss: 0.000122
2025-03-16 23:45:15,023 - sciml.model.fno.fno - INFO - Test Loss: 0.000144
2025-03-16 23:45:16,321 - sciml.model.fno.fno - INFO - Epoch 47/50
2025-03-16 23:45:16,322 - sciml.model.fno.fno - INFO - Training Loss: 0.000121
2025-03-16 23:45:16,322 - sciml.model.fno.fno - INFO - Test Loss: 0.000144
2025-03-16 23:45:17,575 - sciml.model.fno.fno - INFO - Epoch 48/50
2025-03-16 23:45:17,575 - sciml.model.fno.fno - INFO - Training Loss: 0.000122
2025-03-16 23:45:17,575 - sciml.model.fno.fno - INFO - Test Loss: 0.000145
2025-03-16 23:45:18,759 - sciml.model.fno.fno - INFO - Epoch 49/50
2025-03-16 23:45:18,759 - sciml.model.fno.fno - INFO - Training Loss: 0.000123
2025-03-16 23:45:18,759 - sciml.model.fno.fno - INFO - Test Loss: 0.000143
2025-03-16 23:45:19,939 - sciml.model.fno.fno - INFO - Epoch 50/50
2025-03-16 23:45:19,939 - sciml.model.fno.fno - INFO - Training Loss: 0.000122
2025-03-16 23:45:19,939 - sciml.model.fno.fno - INFO - Test Loss: 0.000140
2025-03-16 23:45:19,946 - sciml.model.fno.fno - INFO - === Partial Training Completed ===
2025-03-16 23:45:19,947 - sciml.model.fno.fno - INFO - Final Training Loss: 0.000122
2025-03-16 23:45:19,947 - sciml.model.fno.fno - INFO - Final Test Loss: 0.000140
