2025-03-17 01:44:26,764 - sciml.model.fno.fno - INFO - Model initialized with 50 epochs, 32 batch size, 0.001 learning rate
2025-03-17 01:44:32,532 - sciml.model.fno.fno - INFO - === Partial Training Started ===
2025-03-17 01:44:32,553 - sciml.model.fno.fno - INFO - Model Configuration:
2025-03-17 01:44:32,556 - sciml.model.fno.fno - INFO - Hyperparameters: {
  "p_1": 30,
  "p_2": 30,
  "p_3": 30,
  "device": "GPU",
  "n_epochs": 50,
  "index": 450,
  "alpha": 0.5,
  "folder_path": "data/test_data/big_dataset_fno/heat2d/",
  "best_loss": 5e-05
}
2025-03-17 01:44:32,557 - sciml.model.fno.fno - INFO - Fourier Parameters: {
  "n_layers": 4,
  "dim_coords": 2,
  "n_modes": 30,
  "activation": "relu",
  "kernel_initializer": "he_normal"
}
2025-03-17 01:44:32,559 - sciml.model.fno.fno - INFO - Data Shape - Inputs: (500, 30, 30), Solutions: (500, 30, 30)
2025-03-17 01:44:32,560 - sciml.model.fno.fno - INFO - Alpha (partial training fraction): 0.5
2025-03-17 01:44:32,561 - sciml.model.fno.fno - INFO - Device: GPU
2025-03-17 01:44:34,750 - sciml.model.fno.fno - INFO - Epoch 1/50
2025-03-17 01:44:34,751 - sciml.model.fno.fno - INFO - Training Loss: 0.086067
2025-03-17 01:44:34,752 - sciml.model.fno.fno - INFO - Test Loss: 0.069850
2025-03-17 01:44:36,136 - sciml.model.fno.fno - INFO - Epoch 2/50
2025-03-17 01:44:36,136 - sciml.model.fno.fno - INFO - Training Loss: 0.075294
2025-03-17 01:44:36,137 - sciml.model.fno.fno - INFO - Test Loss: 0.057033
2025-03-17 01:44:37,461 - sciml.model.fno.fno - INFO - Epoch 3/50
2025-03-17 01:44:37,461 - sciml.model.fno.fno - INFO - Training Loss: 0.056171
2025-03-17 01:44:37,462 - sciml.model.fno.fno - INFO - Test Loss: 0.031903
2025-03-17 01:44:38,844 - sciml.model.fno.fno - INFO - Epoch 4/50
2025-03-17 01:44:38,845 - sciml.model.fno.fno - INFO - Training Loss: 0.018142
2025-03-17 01:44:38,846 - sciml.model.fno.fno - INFO - Test Loss: 0.006974
2025-03-17 01:44:40,190 - sciml.model.fno.fno - INFO - Epoch 5/50
2025-03-17 01:44:40,191 - sciml.model.fno.fno - INFO - Training Loss: 0.005896
2025-03-17 01:44:40,192 - sciml.model.fno.fno - INFO - Test Loss: 0.005829
2025-03-17 01:44:41,519 - sciml.model.fno.fno - INFO - Epoch 6/50
2025-03-17 01:44:41,519 - sciml.model.fno.fno - INFO - Training Loss: 0.003135
2025-03-17 01:44:41,520 - sciml.model.fno.fno - INFO - Test Loss: 0.002877
2025-03-17 01:44:42,885 - sciml.model.fno.fno - INFO - Epoch 7/50
2025-03-17 01:44:42,886 - sciml.model.fno.fno - INFO - Training Loss: 0.001500
2025-03-17 01:44:42,887 - sciml.model.fno.fno - INFO - Test Loss: 0.001156
2025-03-17 01:44:44,264 - sciml.model.fno.fno - INFO - Epoch 8/50
2025-03-17 01:44:44,265 - sciml.model.fno.fno - INFO - Training Loss: 0.000866
2025-03-17 01:44:44,265 - sciml.model.fno.fno - INFO - Test Loss: 0.000819
2025-03-17 01:44:45,597 - sciml.model.fno.fno - INFO - Epoch 9/50
2025-03-17 01:44:45,598 - sciml.model.fno.fno - INFO - Training Loss: 0.000645
2025-03-17 01:44:45,598 - sciml.model.fno.fno - INFO - Test Loss: 0.000633
2025-03-17 01:44:46,865 - sciml.model.fno.fno - INFO - Epoch 10/50
2025-03-17 01:44:46,866 - sciml.model.fno.fno - INFO - Training Loss: 0.000511
2025-03-17 01:44:46,866 - sciml.model.fno.fno - INFO - Test Loss: 0.000481
2025-03-17 01:44:48,131 - sciml.model.fno.fno - INFO - Epoch 11/50
2025-03-17 01:44:48,132 - sciml.model.fno.fno - INFO - Training Loss: 0.000414
2025-03-17 01:44:48,132 - sciml.model.fno.fno - INFO - Test Loss: 0.000388
2025-03-17 01:44:49,389 - sciml.model.fno.fno - INFO - Epoch 12/50
2025-03-17 01:44:49,390 - sciml.model.fno.fno - INFO - Training Loss: 0.000342
2025-03-17 01:44:49,391 - sciml.model.fno.fno - INFO - Test Loss: 0.000327
2025-03-17 01:44:50,647 - sciml.model.fno.fno - INFO - Epoch 13/50
2025-03-17 01:44:50,648 - sciml.model.fno.fno - INFO - Training Loss: 0.000296
2025-03-17 01:44:50,648 - sciml.model.fno.fno - INFO - Test Loss: 0.000289
2025-03-17 01:44:51,969 - sciml.model.fno.fno - INFO - Epoch 14/50
2025-03-17 01:44:51,970 - sciml.model.fno.fno - INFO - Training Loss: 0.000260
2025-03-17 01:44:51,971 - sciml.model.fno.fno - INFO - Test Loss: 0.000262
2025-03-17 01:44:53,257 - sciml.model.fno.fno - INFO - Epoch 15/50
2025-03-17 01:44:53,257 - sciml.model.fno.fno - INFO - Training Loss: 0.000238
2025-03-17 01:44:53,258 - sciml.model.fno.fno - INFO - Test Loss: 0.000240
2025-03-17 01:44:54,547 - sciml.model.fno.fno - INFO - Epoch 16/50
2025-03-17 01:44:54,548 - sciml.model.fno.fno - INFO - Training Loss: 0.000219
2025-03-17 01:44:54,548 - sciml.model.fno.fno - INFO - Test Loss: 0.000222
2025-03-17 01:44:55,789 - sciml.model.fno.fno - INFO - Epoch 17/50
2025-03-17 01:44:55,789 - sciml.model.fno.fno - INFO - Training Loss: 0.000202
2025-03-17 01:44:55,790 - sciml.model.fno.fno - INFO - Test Loss: 0.000208
2025-03-17 01:44:57,048 - sciml.model.fno.fno - INFO - Epoch 18/50
2025-03-17 01:44:57,049 - sciml.model.fno.fno - INFO - Training Loss: 0.000190
2025-03-17 01:44:57,050 - sciml.model.fno.fno - INFO - Test Loss: 0.000197
2025-03-17 01:44:58,331 - sciml.model.fno.fno - INFO - Epoch 19/50
2025-03-17 01:44:58,332 - sciml.model.fno.fno - INFO - Training Loss: 0.000179
2025-03-17 01:44:58,332 - sciml.model.fno.fno - INFO - Test Loss: 0.000188
2025-03-17 01:44:59,588 - sciml.model.fno.fno - INFO - Epoch 20/50
2025-03-17 01:44:59,589 - sciml.model.fno.fno - INFO - Training Loss: 0.000171
2025-03-17 01:44:59,590 - sciml.model.fno.fno - INFO - Test Loss: 0.000180
2025-03-17 01:45:01,289 - sciml.model.fno.fno - INFO - Epoch 21/50
2025-03-17 01:45:01,289 - sciml.model.fno.fno - INFO - Training Loss: 0.000163
2025-03-17 01:45:01,290 - sciml.model.fno.fno - INFO - Test Loss: 0.000174
2025-03-17 01:45:02,634 - sciml.model.fno.fno - INFO - Epoch 22/50
2025-03-17 01:45:02,636 - sciml.model.fno.fno - INFO - Training Loss: 0.000156
2025-03-17 01:45:02,637 - sciml.model.fno.fno - INFO - Test Loss: 0.000170
2025-03-17 01:45:04,061 - sciml.model.fno.fno - INFO - Epoch 23/50
2025-03-17 01:45:04,063 - sciml.model.fno.fno - INFO - Training Loss: 0.000151
2025-03-17 01:45:04,064 - sciml.model.fno.fno - INFO - Test Loss: 0.000166
2025-03-17 01:45:03,037 - sciml.model.fno.fno - INFO - Epoch 24/50
2025-03-17 01:45:03,038 - sciml.model.fno.fno - INFO - Training Loss: 0.000146
2025-03-17 01:45:03,039 - sciml.model.fno.fno - INFO - Test Loss: 0.000163
2025-03-17 01:45:04,832 - sciml.model.fno.fno - INFO - Epoch 25/50
2025-03-17 01:45:04,833 - sciml.model.fno.fno - INFO - Training Loss: 0.000142
2025-03-17 01:45:04,834 - sciml.model.fno.fno - INFO - Test Loss: 0.000160
2025-03-17 01:45:06,145 - sciml.model.fno.fno - INFO - Epoch 26/50
2025-03-17 01:45:06,146 - sciml.model.fno.fno - INFO - Training Loss: 0.000138
2025-03-17 01:45:06,146 - sciml.model.fno.fno - INFO - Test Loss: 0.000156
2025-03-17 01:45:07,428 - sciml.model.fno.fno - INFO - Epoch 27/50
2025-03-17 01:45:07,429 - sciml.model.fno.fno - INFO - Training Loss: 0.000135
2025-03-17 01:45:07,429 - sciml.model.fno.fno - INFO - Test Loss: 0.000150
2025-03-17 01:45:08,693 - sciml.model.fno.fno - INFO - Epoch 28/50
2025-03-17 01:45:08,693 - sciml.model.fno.fno - INFO - Training Loss: 0.000131
2025-03-17 01:45:08,694 - sciml.model.fno.fno - INFO - Test Loss: 0.000145
2025-03-17 01:45:09,963 - sciml.model.fno.fno - INFO - Epoch 29/50
2025-03-17 01:45:09,964 - sciml.model.fno.fno - INFO - Training Loss: 0.000128
2025-03-17 01:45:09,964 - sciml.model.fno.fno - INFO - Test Loss: 0.000140
2025-03-17 01:45:11,281 - sciml.model.fno.fno - INFO - Epoch 30/50
2025-03-17 01:45:11,282 - sciml.model.fno.fno - INFO - Training Loss: 0.000125
2025-03-17 01:45:11,282 - sciml.model.fno.fno - INFO - Test Loss: 0.000136
2025-03-17 01:45:12,585 - sciml.model.fno.fno - INFO - Epoch 31/50
2025-03-17 01:45:12,585 - sciml.model.fno.fno - INFO - Training Loss: 0.000123
2025-03-17 01:45:12,586 - sciml.model.fno.fno - INFO - Test Loss: 0.000134
2025-03-17 01:45:13,930 - sciml.model.fno.fno - INFO - Epoch 32/50
2025-03-17 01:45:13,931 - sciml.model.fno.fno - INFO - Training Loss: 0.000121
2025-03-17 01:45:13,932 - sciml.model.fno.fno - INFO - Test Loss: 0.000132
2025-03-17 01:45:15,212 - sciml.model.fno.fno - INFO - Epoch 33/50
2025-03-17 01:45:15,213 - sciml.model.fno.fno - INFO - Training Loss: 0.000119
2025-03-17 01:45:15,214 - sciml.model.fno.fno - INFO - Test Loss: 0.000130
2025-03-17 01:45:16,447 - sciml.model.fno.fno - INFO - Epoch 34/50
2025-03-17 01:45:16,448 - sciml.model.fno.fno - INFO - Training Loss: 0.000119
2025-03-17 01:45:16,449 - sciml.model.fno.fno - INFO - Test Loss: 0.000129
2025-03-17 01:45:17,751 - sciml.model.fno.fno - INFO - Epoch 35/50
2025-03-17 01:45:17,752 - sciml.model.fno.fno - INFO - Training Loss: 0.000118
2025-03-17 01:45:17,752 - sciml.model.fno.fno - INFO - Test Loss: 0.000128
2025-03-17 01:45:19,028 - sciml.model.fno.fno - INFO - Epoch 36/50
2025-03-17 01:45:19,029 - sciml.model.fno.fno - INFO - Training Loss: 0.000117
2025-03-17 01:45:19,030 - sciml.model.fno.fno - INFO - Test Loss: 0.000128
2025-03-17 01:45:20,252 - sciml.model.fno.fno - INFO - Epoch 37/50
2025-03-17 01:45:20,252 - sciml.model.fno.fno - INFO - Training Loss: 0.000117
2025-03-17 01:45:20,253 - sciml.model.fno.fno - INFO - Test Loss: 0.000127
2025-03-17 01:45:21,532 - sciml.model.fno.fno - INFO - Epoch 38/50
2025-03-17 01:45:21,533 - sciml.model.fno.fno - INFO - Training Loss: 0.000116
2025-03-17 01:45:21,533 - sciml.model.fno.fno - INFO - Test Loss: 0.000126
2025-03-17 01:45:22,819 - sciml.model.fno.fno - INFO - Epoch 39/50
2025-03-17 01:45:22,820 - sciml.model.fno.fno - INFO - Training Loss: 0.000116
2025-03-17 01:45:22,821 - sciml.model.fno.fno - INFO - Test Loss: 0.000126
2025-03-17 01:45:24,158 - sciml.model.fno.fno - INFO - Epoch 40/50
2025-03-17 01:45:24,160 - sciml.model.fno.fno - INFO - Training Loss: 0.000115
2025-03-17 01:45:24,161 - sciml.model.fno.fno - INFO - Test Loss: 0.000125
2025-03-17 01:45:25,436 - sciml.model.fno.fno - INFO - Epoch 41/50
2025-03-17 01:45:25,437 - sciml.model.fno.fno - INFO - Training Loss: 0.000115
2025-03-17 01:45:25,438 - sciml.model.fno.fno - INFO - Test Loss: 0.000125
2025-03-17 01:45:26,672 - sciml.model.fno.fno - INFO - Epoch 42/50
2025-03-17 01:45:26,673 - sciml.model.fno.fno - INFO - Training Loss: 0.000115
2025-03-17 01:45:26,673 - sciml.model.fno.fno - INFO - Test Loss: 0.000124
2025-03-17 01:45:27,877 - sciml.model.fno.fno - INFO - Epoch 43/50
2025-03-17 01:45:27,878 - sciml.model.fno.fno - INFO - Training Loss: 0.000114
2025-03-17 01:45:27,878 - sciml.model.fno.fno - INFO - Test Loss: 0.000124
2025-03-17 01:45:29,153 - sciml.model.fno.fno - INFO - Epoch 44/50
2025-03-17 01:45:29,154 - sciml.model.fno.fno - INFO - Training Loss: 0.000114
2025-03-17 01:45:29,154 - sciml.model.fno.fno - INFO - Test Loss: 0.000124
2025-03-17 01:45:30,382 - sciml.model.fno.fno - INFO - Epoch 45/50
2025-03-17 01:45:30,382 - sciml.model.fno.fno - INFO - Training Loss: 0.000114
2025-03-17 01:45:30,383 - sciml.model.fno.fno - INFO - Test Loss: 0.000124
2025-03-17 01:45:31,594 - sciml.model.fno.fno - INFO - Epoch 46/50
2025-03-17 01:45:31,594 - sciml.model.fno.fno - INFO - Training Loss: 0.000114
2025-03-17 01:45:31,595 - sciml.model.fno.fno - INFO - Test Loss: 0.000123
2025-03-17 01:45:32,833 - sciml.model.fno.fno - INFO - Epoch 47/50
2025-03-17 01:45:32,834 - sciml.model.fno.fno - INFO - Training Loss: 0.000114
2025-03-17 01:45:32,835 - sciml.model.fno.fno - INFO - Test Loss: 0.000123
2025-03-17 01:45:34,076 - sciml.model.fno.fno - INFO - Epoch 48/50
2025-03-17 01:45:34,077 - sciml.model.fno.fno - INFO - Training Loss: 0.000114
2025-03-17 01:45:34,077 - sciml.model.fno.fno - INFO - Test Loss: 0.000123
2025-03-17 01:45:32,886 - sciml.model.fno.fno - INFO - Epoch 49/50
2025-03-17 01:45:32,887 - sciml.model.fno.fno - INFO - Training Loss: 0.000114
2025-03-17 01:45:32,888 - sciml.model.fno.fno - INFO - Test Loss: 0.000123
2025-03-17 01:45:34,120 - sciml.model.fno.fno - INFO - Epoch 50/50
2025-03-17 01:45:34,120 - sciml.model.fno.fno - INFO - Training Loss: 0.000114
2025-03-17 01:45:34,121 - sciml.model.fno.fno - INFO - Test Loss: 0.000123
