2025-03-16 20:26:01,018 - sciml.model.deeponet.deeponet - INFO - Model initialized with 30 epochs, 32 batch size, 0.001 learning rate
2025-03-16 20:26:08,061 - sciml.model.deeponet.deeponet - INFO - Epoch 1/30
2025-03-16 20:26:08,061 - sciml.model.deeponet.deeponet - INFO - Training Loss: 0.157391
2025-03-16 20:26:08,062 - sciml.model.deeponet.deeponet - INFO - Test Loss: 0.169219
2025-03-16 20:26:08,264 - sciml.model.deeponet.deeponet - INFO - Epoch 2/30
2025-03-16 20:26:08,265 - sciml.model.deeponet.deeponet - INFO - Training Loss: 0.154811
2025-03-16 20:26:08,266 - sciml.model.deeponet.deeponet - INFO - Test Loss: 0.167865
2025-03-16 20:26:08,466 - sciml.model.deeponet.deeponet - INFO - Epoch 3/30
2025-03-16 20:26:08,467 - sciml.model.deeponet.deeponet - INFO - Training Loss: 0.152502
2025-03-16 20:26:08,467 - sciml.model.deeponet.deeponet - INFO - Test Loss: 0.165791
2025-03-16 20:26:08,668 - sciml.model.deeponet.deeponet - INFO - Epoch 4/30
2025-03-16 20:26:08,669 - sciml.model.deeponet.deeponet - INFO - Training Loss: 0.150471
2025-03-16 20:26:08,669 - sciml.model.deeponet.deeponet - INFO - Test Loss: 0.164181
2025-03-16 20:26:08,866 - sciml.model.deeponet.deeponet - INFO - Epoch 5/30
2025-03-16 20:26:08,867 - sciml.model.deeponet.deeponet - INFO - Training Loss: 0.148613
2025-03-16 20:26:08,868 - sciml.model.deeponet.deeponet - INFO - Test Loss: 0.162818
2025-03-16 20:26:09,070 - sciml.model.deeponet.deeponet - INFO - Epoch 6/30
2025-03-16 20:26:09,071 - sciml.model.deeponet.deeponet - INFO - Training Loss: 0.146853
2025-03-16 20:26:09,071 - sciml.model.deeponet.deeponet - INFO - Test Loss: 0.160883
2025-03-16 20:26:09,273 - sciml.model.deeponet.deeponet - INFO - Epoch 7/30
2025-03-16 20:26:09,274 - sciml.model.deeponet.deeponet - INFO - Training Loss: 0.145343
2025-03-16 20:26:09,275 - sciml.model.deeponet.deeponet - INFO - Test Loss: 0.159282
2025-03-16 20:26:09,488 - sciml.model.deeponet.deeponet - INFO - Epoch 8/30
2025-03-16 20:26:09,488 - sciml.model.deeponet.deeponet - INFO - Training Loss: 0.144230
2025-03-16 20:26:09,489 - sciml.model.deeponet.deeponet - INFO - Test Loss: 0.158165
2025-03-16 20:26:09,691 - sciml.model.deeponet.deeponet - INFO - Epoch 9/30
2025-03-16 20:26:09,691 - sciml.model.deeponet.deeponet - INFO - Training Loss: 0.143321
2025-03-16 20:26:09,692 - sciml.model.deeponet.deeponet - INFO - Test Loss: 0.156626
2025-03-16 20:26:09,891 - sciml.model.deeponet.deeponet - INFO - Epoch 10/30
2025-03-16 20:26:09,892 - sciml.model.deeponet.deeponet - INFO - Training Loss: 0.142433
2025-03-16 20:26:09,893 - sciml.model.deeponet.deeponet - INFO - Test Loss: 0.155374
2025-03-16 20:26:10,093 - sciml.model.deeponet.deeponet - INFO - Epoch 11/30
2025-03-16 20:26:10,094 - sciml.model.deeponet.deeponet - INFO - Training Loss: 0.141493
2025-03-16 20:26:10,094 - sciml.model.deeponet.deeponet - INFO - Test Loss: 0.154746
2025-03-16 20:26:10,296 - sciml.model.deeponet.deeponet - INFO - Epoch 12/30
2025-03-16 20:26:10,297 - sciml.model.deeponet.deeponet - INFO - Training Loss: 0.140214
2025-03-16 20:26:10,298 - sciml.model.deeponet.deeponet - INFO - Test Loss: 0.153359
2025-03-16 20:26:10,498 - sciml.model.deeponet.deeponet - INFO - Epoch 13/30
2025-03-16 20:26:10,499 - sciml.model.deeponet.deeponet - INFO - Training Loss: 0.138677
2025-03-16 20:26:10,500 - sciml.model.deeponet.deeponet - INFO - Test Loss: 0.152330
2025-03-16 20:26:10,705 - sciml.model.deeponet.deeponet - INFO - Epoch 14/30
2025-03-16 20:26:10,706 - sciml.model.deeponet.deeponet - INFO - Training Loss: 0.137406
2025-03-16 20:26:10,706 - sciml.model.deeponet.deeponet - INFO - Test Loss: 0.151833
2025-03-16 20:26:10,906 - sciml.model.deeponet.deeponet - INFO - Epoch 15/30
2025-03-16 20:26:10,907 - sciml.model.deeponet.deeponet - INFO - Training Loss: 0.136290
2025-03-16 20:26:10,908 - sciml.model.deeponet.deeponet - INFO - Test Loss: 0.150321
2025-03-16 20:26:11,107 - sciml.model.deeponet.deeponet - INFO - Epoch 16/30
2025-03-16 20:26:11,108 - sciml.model.deeponet.deeponet - INFO - Training Loss: 0.135108
2025-03-16 20:26:11,108 - sciml.model.deeponet.deeponet - INFO - Test Loss: 0.150107
2025-03-16 20:26:11,313 - sciml.model.deeponet.deeponet - INFO - Epoch 17/30
2025-03-16 20:26:11,314 - sciml.model.deeponet.deeponet - INFO - Training Loss: 0.133934
2025-03-16 20:26:11,314 - sciml.model.deeponet.deeponet - INFO - Test Loss: 0.148766
2025-03-16 20:26:11,516 - sciml.model.deeponet.deeponet - INFO - Epoch 18/30
2025-03-16 20:26:11,517 - sciml.model.deeponet.deeponet - INFO - Training Loss: 0.132575
2025-03-16 20:26:11,518 - sciml.model.deeponet.deeponet - INFO - Test Loss: 0.147986
2025-03-16 20:26:11,726 - sciml.model.deeponet.deeponet - INFO - Epoch 19/30
2025-03-16 20:26:11,727 - sciml.model.deeponet.deeponet - INFO - Training Loss: 0.131248
2025-03-16 20:26:11,728 - sciml.model.deeponet.deeponet - INFO - Test Loss: 0.147083
2025-03-16 20:26:11,928 - sciml.model.deeponet.deeponet - INFO - Epoch 20/30
2025-03-16 20:26:11,929 - sciml.model.deeponet.deeponet - INFO - Training Loss: 0.130052
2025-03-16 20:26:11,929 - sciml.model.deeponet.deeponet - INFO - Test Loss: 0.145731
2025-03-16 20:26:12,132 - sciml.model.deeponet.deeponet - INFO - Epoch 21/30
2025-03-16 20:26:12,133 - sciml.model.deeponet.deeponet - INFO - Training Loss: 0.128800
2025-03-16 20:26:12,133 - sciml.model.deeponet.deeponet - INFO - Test Loss: 0.145067
2025-03-16 20:26:12,338 - sciml.model.deeponet.deeponet - INFO - Epoch 22/30
2025-03-16 20:26:12,339 - sciml.model.deeponet.deeponet - INFO - Training Loss: 0.127623
2025-03-16 20:26:12,340 - sciml.model.deeponet.deeponet - INFO - Test Loss: 0.143613
2025-03-16 20:26:12,680 - sciml.model.deeponet.deeponet - INFO - Epoch 23/30
2025-03-16 20:26:12,680 - sciml.model.deeponet.deeponet - INFO - Training Loss: 0.126428
2025-03-16 20:26:12,681 - sciml.model.deeponet.deeponet - INFO - Test Loss: 0.142781
2025-03-16 20:26:12,889 - sciml.model.deeponet.deeponet - INFO - Epoch 24/30
2025-03-16 20:26:12,890 - sciml.model.deeponet.deeponet - INFO - Training Loss: 0.125180
2025-03-16 20:26:12,890 - sciml.model.deeponet.deeponet - INFO - Test Loss: 0.141057
2025-03-16 20:26:13,088 - sciml.model.deeponet.deeponet - INFO - Epoch 25/30
2025-03-16 20:26:13,089 - sciml.model.deeponet.deeponet - INFO - Training Loss: 0.123986
2025-03-16 20:26:13,089 - sciml.model.deeponet.deeponet - INFO - Test Loss: 0.139856
2025-03-16 20:26:13,321 - sciml.model.deeponet.deeponet - INFO - Epoch 26/30
2025-03-16 20:26:13,323 - sciml.model.deeponet.deeponet - INFO - Training Loss: 0.122692
2025-03-16 20:26:13,324 - sciml.model.deeponet.deeponet - INFO - Test Loss: 0.137565
2025-03-16 20:26:13,537 - sciml.model.deeponet.deeponet - INFO - Epoch 27/30
2025-03-16 20:26:13,538 - sciml.model.deeponet.deeponet - INFO - Training Loss: 0.121444
2025-03-16 20:26:13,538 - sciml.model.deeponet.deeponet - INFO - Test Loss: 0.136449
2025-03-16 20:26:13,753 - sciml.model.deeponet.deeponet - INFO - Epoch 28/30
2025-03-16 20:26:13,754 - sciml.model.deeponet.deeponet - INFO - Training Loss: 0.120278
2025-03-16 20:26:13,754 - sciml.model.deeponet.deeponet - INFO - Test Loss: 0.133815
2025-03-16 20:26:11,025 - sciml.model.deeponet.deeponet - INFO - Epoch 29/30
2025-03-16 20:26:11,026 - sciml.model.deeponet.deeponet - INFO - Training Loss: 0.119127
2025-03-16 20:26:11,026 - sciml.model.deeponet.deeponet - INFO - Test Loss: 0.134007
2025-03-16 20:26:11,231 - sciml.model.deeponet.deeponet - INFO - Epoch 30/30
2025-03-16 20:26:11,232 - sciml.model.deeponet.deeponet - INFO - Training Loss: 0.118362
2025-03-16 20:26:11,233 - sciml.model.deeponet.deeponet - INFO - Test Loss: 0.130378
2025-03-16 20:26:37,039 - sciml.model.deeponet.deeponet - INFO - Epoch 1/30
2025-03-16 20:26:37,040 - sciml.model.deeponet.deeponet - INFO - Training Loss: 0.094117
2025-03-16 20:26:37,041 - sciml.model.deeponet.deeponet - INFO - Test Loss: 0.102763
2025-03-16 20:26:37,258 - sciml.model.deeponet.deeponet - INFO - Epoch 2/30
2025-03-16 20:26:37,258 - sciml.model.deeponet.deeponet - INFO - Training Loss: 0.093535
2025-03-16 20:26:37,259 - sciml.model.deeponet.deeponet - INFO - Test Loss: 0.103189
2025-03-16 20:26:37,467 - sciml.model.deeponet.deeponet - INFO - Epoch 3/30
2025-03-16 20:26:37,468 - sciml.model.deeponet.deeponet - INFO - Training Loss: 0.093302
2025-03-16 20:26:37,468 - sciml.model.deeponet.deeponet - INFO - Test Loss: 0.102211
2025-03-16 20:26:37,674 - sciml.model.deeponet.deeponet - INFO - Epoch 4/30
2025-03-16 20:26:37,675 - sciml.model.deeponet.deeponet - INFO - Training Loss: 0.093135
2025-03-16 20:26:37,676 - sciml.model.deeponet.deeponet - INFO - Test Loss: 0.103737
2025-03-16 20:26:37,886 - sciml.model.deeponet.deeponet - INFO - Epoch 5/30
2025-03-16 20:26:37,886 - sciml.model.deeponet.deeponet - INFO - Training Loss: 0.093309
2025-03-16 20:26:37,887 - sciml.model.deeponet.deeponet - INFO - Test Loss: 0.100993
2025-03-16 20:26:38,111 - sciml.model.deeponet.deeponet - INFO - Epoch 6/30
2025-03-16 20:26:38,112 - sciml.model.deeponet.deeponet - INFO - Training Loss: 0.092928
2025-03-16 20:26:38,112 - sciml.model.deeponet.deeponet - INFO - Test Loss: 0.102657
2025-03-16 20:26:38,320 - sciml.model.deeponet.deeponet - INFO - Epoch 7/30
2025-03-16 20:26:38,321 - sciml.model.deeponet.deeponet - INFO - Training Loss: 0.092910
2025-03-16 20:26:38,322 - sciml.model.deeponet.deeponet - INFO - Test Loss: 0.100837
2025-03-16 20:26:38,528 - sciml.model.deeponet.deeponet - INFO - Epoch 8/30
2025-03-16 20:26:38,528 - sciml.model.deeponet.deeponet - INFO - Training Loss: 0.091226
2025-03-16 20:26:38,529 - sciml.model.deeponet.deeponet - INFO - Test Loss: 0.100915
2025-03-16 20:26:38,734 - sciml.model.deeponet.deeponet - INFO - Epoch 9/30
2025-03-16 20:26:38,735 - sciml.model.deeponet.deeponet - INFO - Training Loss: 0.090275
2025-03-16 20:26:38,736 - sciml.model.deeponet.deeponet - INFO - Test Loss: 0.100103
2025-03-16 20:26:38,942 - sciml.model.deeponet.deeponet - INFO - Epoch 10/30
2025-03-16 20:26:38,943 - sciml.model.deeponet.deeponet - INFO - Training Loss: 0.090057
2025-03-16 20:26:38,944 - sciml.model.deeponet.deeponet - INFO - Test Loss: 0.099285
2025-03-16 20:26:39,149 - sciml.model.deeponet.deeponet - INFO - Epoch 11/30
2025-03-16 20:26:39,150 - sciml.model.deeponet.deeponet - INFO - Training Loss: 0.090367
2025-03-16 20:26:39,151 - sciml.model.deeponet.deeponet - INFO - Test Loss: 0.101076
2025-03-16 20:26:39,368 - sciml.model.deeponet.deeponet - INFO - Epoch 12/30
2025-03-16 20:26:39,369 - sciml.model.deeponet.deeponet - INFO - Training Loss: 0.090968
2025-03-16 20:26:39,369 - sciml.model.deeponet.deeponet - INFO - Test Loss: 0.098917
2025-03-16 20:26:39,612 - sciml.model.deeponet.deeponet - INFO - Epoch 13/30
2025-03-16 20:26:39,613 - sciml.model.deeponet.deeponet - INFO - Training Loss: 0.089897
2025-03-16 20:26:39,614 - sciml.model.deeponet.deeponet - INFO - Test Loss: 0.099022
2025-03-16 20:26:39,829 - sciml.model.deeponet.deeponet - INFO - Epoch 14/30
2025-03-16 20:26:39,830 - sciml.model.deeponet.deeponet - INFO - Training Loss: 0.088712
2025-03-16 20:26:39,831 - sciml.model.deeponet.deeponet - INFO - Test Loss: 0.097859
2025-03-16 20:26:40,051 - sciml.model.deeponet.deeponet - INFO - Epoch 15/30
2025-03-16 20:26:40,052 - sciml.model.deeponet.deeponet - INFO - Training Loss: 0.088090
2025-03-16 20:26:40,053 - sciml.model.deeponet.deeponet - INFO - Test Loss: 0.097250
2025-03-16 20:26:40,279 - sciml.model.deeponet.deeponet - INFO - Epoch 16/30
2025-03-16 20:26:40,280 - sciml.model.deeponet.deeponet - INFO - Training Loss: 0.088250
2025-03-16 20:26:40,280 - sciml.model.deeponet.deeponet - INFO - Test Loss: 0.099803
2025-03-16 20:26:40,482 - sciml.model.deeponet.deeponet - INFO - Epoch 17/30
2025-03-16 20:26:40,483 - sciml.model.deeponet.deeponet - INFO - Training Loss: 0.088967
2025-03-16 20:26:40,484 - sciml.model.deeponet.deeponet - INFO - Test Loss: 0.097119
2025-03-16 20:26:40,730 - sciml.model.deeponet.deeponet - INFO - Epoch 18/30
2025-03-16 20:26:40,731 - sciml.model.deeponet.deeponet - INFO - Training Loss: 0.088694
2025-03-16 20:26:40,731 - sciml.model.deeponet.deeponet - INFO - Test Loss: 0.099580
2025-03-16 20:26:40,941 - sciml.model.deeponet.deeponet - INFO - Epoch 19/30
2025-03-16 20:26:40,942 - sciml.model.deeponet.deeponet - INFO - Training Loss: 0.087893
2025-03-16 20:26:40,942 - sciml.model.deeponet.deeponet - INFO - Test Loss: 0.096997
2025-03-16 20:26:41,145 - sciml.model.deeponet.deeponet - INFO - Epoch 20/30
2025-03-16 20:26:41,146 - sciml.model.deeponet.deeponet - INFO - Training Loss: 0.086773
2025-03-16 20:26:41,146 - sciml.model.deeponet.deeponet - INFO - Test Loss: 0.096012
2025-03-16 20:26:41,353 - sciml.model.deeponet.deeponet - INFO - Epoch 21/30
2025-03-16 20:26:41,353 - sciml.model.deeponet.deeponet - INFO - Training Loss: 0.086486
2025-03-16 20:26:41,354 - sciml.model.deeponet.deeponet - INFO - Test Loss: 0.097618
2025-03-16 20:26:41,558 - sciml.model.deeponet.deeponet - INFO - Epoch 22/30
2025-03-16 20:26:41,559 - sciml.model.deeponet.deeponet - INFO - Training Loss: 0.086827
2025-03-16 20:26:41,559 - sciml.model.deeponet.deeponet - INFO - Test Loss: 0.096174
2025-03-16 20:26:41,761 - sciml.model.deeponet.deeponet - INFO - Epoch 23/30
2025-03-16 20:26:41,762 - sciml.model.deeponet.deeponet - INFO - Training Loss: 0.086977
2025-03-16 20:26:41,763 - sciml.model.deeponet.deeponet - INFO - Test Loss: 0.098389
2025-03-16 20:26:41,976 - sciml.model.deeponet.deeponet - INFO - Epoch 24/30
2025-03-16 20:26:41,977 - sciml.model.deeponet.deeponet - INFO - Training Loss: 0.086908
2025-03-16 20:26:41,978 - sciml.model.deeponet.deeponet - INFO - Test Loss: 0.095731
2025-03-16 20:26:42,192 - sciml.model.deeponet.deeponet - INFO - Epoch 25/30
2025-03-16 20:26:42,192 - sciml.model.deeponet.deeponet - INFO - Training Loss: 0.085938
2025-03-16 20:26:42,193 - sciml.model.deeponet.deeponet - INFO - Test Loss: 0.096438
2025-03-16 20:26:42,412 - sciml.model.deeponet.deeponet - INFO - Epoch 26/30
2025-03-16 20:26:42,413 - sciml.model.deeponet.deeponet - INFO - Training Loss: 0.085248
2025-03-16 20:26:42,414 - sciml.model.deeponet.deeponet - INFO - Test Loss: 0.095502
2025-03-16 20:26:42,625 - sciml.model.deeponet.deeponet - INFO - Epoch 27/30
2025-03-16 20:26:42,626 - sciml.model.deeponet.deeponet - INFO - Training Loss: 0.084953
2025-03-16 20:26:42,627 - sciml.model.deeponet.deeponet - INFO - Test Loss: 0.095112
2025-03-16 20:26:42,837 - sciml.model.deeponet.deeponet - INFO - Epoch 28/30
2025-03-16 20:26:42,838 - sciml.model.deeponet.deeponet - INFO - Training Loss: 0.084997
2025-03-16 20:26:42,839 - sciml.model.deeponet.deeponet - INFO - Test Loss: 0.097360
2025-03-16 20:26:43,048 - sciml.model.deeponet.deeponet - INFO - Epoch 29/30
2025-03-16 20:26:43,049 - sciml.model.deeponet.deeponet - INFO - Training Loss: 0.085346
2025-03-16 20:26:43,050 - sciml.model.deeponet.deeponet - INFO - Test Loss: 0.095047
2025-03-16 20:26:40,322 - sciml.model.deeponet.deeponet - INFO - Epoch 30/30
2025-03-16 20:26:40,323 - sciml.model.deeponet.deeponet - INFO - Training Loss: 0.085405
2025-03-16 20:26:40,323 - sciml.model.deeponet.deeponet - INFO - Test Loss: 0.097036
2025-03-16 20:27:39,871 - sciml.model.deeponet.deeponet - INFO - Model initialized with 300 epochs, 32 batch size, 0.001 learning rate
2025-03-16 20:28:34,981 - sciml.model.deeponet.deeponet - INFO - Epoch 1/300
2025-03-16 20:28:34,982 - sciml.model.deeponet.deeponet - INFO - Training Loss: 0.075501
2025-03-16 20:28:34,983 - sciml.model.deeponet.deeponet - INFO - Test Loss: 0.084442
2025-03-16 20:28:35,180 - sciml.model.deeponet.deeponet - INFO - Epoch 2/300
2025-03-16 20:28:35,180 - sciml.model.deeponet.deeponet - INFO - Training Loss: 0.075936
2025-03-16 20:28:35,181 - sciml.model.deeponet.deeponet - INFO - Test Loss: 0.087208
2025-03-16 20:28:35,380 - sciml.model.deeponet.deeponet - INFO - Epoch 3/300
2025-03-16 20:28:35,380 - sciml.model.deeponet.deeponet - INFO - Training Loss: 0.075767
2025-03-16 20:28:35,381 - sciml.model.deeponet.deeponet - INFO - Test Loss: 0.086732
2025-03-16 20:28:35,582 - sciml.model.deeponet.deeponet - INFO - Epoch 4/300
2025-03-16 20:28:35,583 - sciml.model.deeponet.deeponet - INFO - Training Loss: 0.075678
2025-03-16 20:28:35,583 - sciml.model.deeponet.deeponet - INFO - Test Loss: 0.084581
2025-03-16 20:28:35,786 - sciml.model.deeponet.deeponet - INFO - Epoch 5/300
2025-03-16 20:28:35,787 - sciml.model.deeponet.deeponet - INFO - Training Loss: 0.075226
2025-03-16 20:28:35,788 - sciml.model.deeponet.deeponet - INFO - Test Loss: 0.085073
2025-03-16 20:28:35,987 - sciml.model.deeponet.deeponet - INFO - Epoch 6/300
2025-03-16 20:28:35,988 - sciml.model.deeponet.deeponet - INFO - Training Loss: 0.075667
2025-03-16 20:28:35,988 - sciml.model.deeponet.deeponet - INFO - Test Loss: 0.085832
2025-03-16 20:28:36,189 - sciml.model.deeponet.deeponet - INFO - Epoch 7/300
2025-03-16 20:28:36,190 - sciml.model.deeponet.deeponet - INFO - Training Loss: 0.075366
2025-03-16 20:28:36,190 - sciml.model.deeponet.deeponet - INFO - Test Loss: 0.084917
2025-03-16 20:28:36,396 - sciml.model.deeponet.deeponet - INFO - Epoch 8/300
2025-03-16 20:28:36,397 - sciml.model.deeponet.deeponet - INFO - Training Loss: 0.075856
2025-03-16 20:28:36,398 - sciml.model.deeponet.deeponet - INFO - Test Loss: 0.084870
2025-03-16 20:28:36,603 - sciml.model.deeponet.deeponet - INFO - Epoch 9/300
2025-03-16 20:28:36,604 - sciml.model.deeponet.deeponet - INFO - Training Loss: 0.075298
2025-03-16 20:28:36,604 - sciml.model.deeponet.deeponet - INFO - Test Loss: 0.085296
2025-03-16 20:28:36,810 - sciml.model.deeponet.deeponet - INFO - Epoch 10/300
2025-03-16 20:28:36,811 - sciml.model.deeponet.deeponet - INFO - Training Loss: 0.075283
2025-03-16 20:28:36,811 - sciml.model.deeponet.deeponet - INFO - Test Loss: 0.085490
2025-03-16 20:28:37,013 - sciml.model.deeponet.deeponet - INFO - Epoch 11/300
2025-03-16 20:28:37,014 - sciml.model.deeponet.deeponet - INFO - Training Loss: 0.075481
2025-03-16 20:28:37,014 - sciml.model.deeponet.deeponet - INFO - Test Loss: 0.086868
2025-03-16 20:28:37,219 - sciml.model.deeponet.deeponet - INFO - Epoch 12/300
2025-03-16 20:28:37,219 - sciml.model.deeponet.deeponet - INFO - Training Loss: 0.075515
2025-03-16 20:28:37,220 - sciml.model.deeponet.deeponet - INFO - Test Loss: 0.085598
2025-03-16 20:28:37,420 - sciml.model.deeponet.deeponet - INFO - Epoch 13/300
2025-03-16 20:28:37,421 - sciml.model.deeponet.deeponet - INFO - Training Loss: 0.075030
2025-03-16 20:28:37,422 - sciml.model.deeponet.deeponet - INFO - Test Loss: 0.083733
2025-03-16 20:28:37,627 - sciml.model.deeponet.deeponet - INFO - Epoch 14/300
2025-03-16 20:28:37,628 - sciml.model.deeponet.deeponet - INFO - Training Loss: 0.075248
2025-03-16 20:28:37,629 - sciml.model.deeponet.deeponet - INFO - Test Loss: 0.085128
2025-03-16 20:28:37,831 - sciml.model.deeponet.deeponet - INFO - Epoch 15/300
2025-03-16 20:28:37,832 - sciml.model.deeponet.deeponet - INFO - Training Loss: 0.075003
2025-03-16 20:28:37,833 - sciml.model.deeponet.deeponet - INFO - Test Loss: 0.085847
2025-03-16 20:28:38,035 - sciml.model.deeponet.deeponet - INFO - Epoch 16/300
2025-03-16 20:28:38,036 - sciml.model.deeponet.deeponet - INFO - Training Loss: 0.075368
2025-03-16 20:28:38,037 - sciml.model.deeponet.deeponet - INFO - Test Loss: 0.083808
2025-03-16 20:28:38,236 - sciml.model.deeponet.deeponet - INFO - Epoch 17/300
2025-03-16 20:28:38,237 - sciml.model.deeponet.deeponet - INFO - Training Loss: 0.075025
2025-03-16 20:28:38,238 - sciml.model.deeponet.deeponet - INFO - Test Loss: 0.085217
2025-03-16 20:28:38,434 - sciml.model.deeponet.deeponet - INFO - Epoch 18/300
2025-03-16 20:28:38,435 - sciml.model.deeponet.deeponet - INFO - Training Loss: 0.074953
2025-03-16 20:28:38,435 - sciml.model.deeponet.deeponet - INFO - Test Loss: 0.086074
2025-03-16 20:28:38,640 - sciml.model.deeponet.deeponet - INFO - Epoch 19/300
2025-03-16 20:28:38,640 - sciml.model.deeponet.deeponet - INFO - Training Loss: 0.074935
2025-03-16 20:28:38,641 - sciml.model.deeponet.deeponet - INFO - Test Loss: 0.085579
2025-03-16 20:28:38,839 - sciml.model.deeponet.deeponet - INFO - Epoch 20/300
2025-03-16 20:28:38,840 - sciml.model.deeponet.deeponet - INFO - Training Loss: 0.075212
2025-03-16 20:28:38,840 - sciml.model.deeponet.deeponet - INFO - Test Loss: 0.085310
2025-03-16 20:28:39,042 - sciml.model.deeponet.deeponet - INFO - Epoch 21/300
2025-03-16 20:28:39,042 - sciml.model.deeponet.deeponet - INFO - Training Loss: 0.074714
2025-03-16 20:28:39,043 - sciml.model.deeponet.deeponet - INFO - Test Loss: 0.084742
2025-03-16 20:28:39,245 - sciml.model.deeponet.deeponet - INFO - Epoch 22/300
2025-03-16 20:28:39,246 - sciml.model.deeponet.deeponet - INFO - Training Loss: 0.074691
2025-03-16 20:28:39,247 - sciml.model.deeponet.deeponet - INFO - Test Loss: 0.084202
2025-03-16 20:28:39,451 - sciml.model.deeponet.deeponet - INFO - Epoch 23/300
2025-03-16 20:28:39,451 - sciml.model.deeponet.deeponet - INFO - Training Loss: 0.074747
2025-03-16 20:28:39,452 - sciml.model.deeponet.deeponet - INFO - Test Loss: 0.085335
2025-03-16 20:28:39,654 - sciml.model.deeponet.deeponet - INFO - Epoch 24/300
2025-03-16 20:28:39,655 - sciml.model.deeponet.deeponet - INFO - Training Loss: 0.074868
2025-03-16 20:28:39,655 - sciml.model.deeponet.deeponet - INFO - Test Loss: 0.084994
2025-03-16 20:28:39,855 - sciml.model.deeponet.deeponet - INFO - Epoch 25/300
2025-03-16 20:28:39,856 - sciml.model.deeponet.deeponet - INFO - Training Loss: 0.074589
2025-03-16 20:28:39,856 - sciml.model.deeponet.deeponet - INFO - Test Loss: 0.084605
2025-03-16 20:28:40,052 - sciml.model.deeponet.deeponet - INFO - Epoch 26/300
2025-03-16 20:28:40,053 - sciml.model.deeponet.deeponet - INFO - Training Loss: 0.074838
2025-03-16 20:28:40,054 - sciml.model.deeponet.deeponet - INFO - Test Loss: 0.086135
2025-03-16 20:28:40,253 - sciml.model.deeponet.deeponet - INFO - Epoch 27/300
2025-03-16 20:28:40,253 - sciml.model.deeponet.deeponet - INFO - Training Loss: 0.074919
2025-03-16 20:28:40,254 - sciml.model.deeponet.deeponet - INFO - Test Loss: 0.085641
2025-03-16 20:28:40,463 - sciml.model.deeponet.deeponet - INFO - Epoch 28/300
2025-03-16 20:28:40,463 - sciml.model.deeponet.deeponet - INFO - Training Loss: 0.075027
2025-03-16 20:28:40,463 - sciml.model.deeponet.deeponet - INFO - Test Loss: 0.085688
2025-03-16 20:28:37,728 - sciml.model.deeponet.deeponet - INFO - Epoch 29/300
2025-03-16 20:28:37,729 - sciml.model.deeponet.deeponet - INFO - Training Loss: 0.075193
2025-03-16 20:28:37,730 - sciml.model.deeponet.deeponet - INFO - Test Loss: 0.085035
2025-03-16 20:28:37,934 - sciml.model.deeponet.deeponet - INFO - Epoch 30/300
2025-03-16 20:28:37,935 - sciml.model.deeponet.deeponet - INFO - Training Loss: 0.075426
2025-03-16 20:28:37,936 - sciml.model.deeponet.deeponet - INFO - Test Loss: 0.085843
2025-03-16 20:28:38,136 - sciml.model.deeponet.deeponet - INFO - Epoch 31/300
2025-03-16 20:28:38,137 - sciml.model.deeponet.deeponet - INFO - Training Loss: 0.075301
2025-03-16 20:28:38,138 - sciml.model.deeponet.deeponet - INFO - Test Loss: 0.084793
2025-03-16 20:28:38,339 - sciml.model.deeponet.deeponet - INFO - Epoch 32/300
2025-03-16 20:28:38,339 - sciml.model.deeponet.deeponet - INFO - Training Loss: 0.075116
2025-03-16 20:28:38,340 - sciml.model.deeponet.deeponet - INFO - Test Loss: 0.085699
2025-03-16 20:28:38,548 - sciml.model.deeponet.deeponet - INFO - Epoch 33/300
2025-03-16 20:28:38,549 - sciml.model.deeponet.deeponet - INFO - Training Loss: 0.074905
2025-03-16 20:28:38,550 - sciml.model.deeponet.deeponet - INFO - Test Loss: 0.084810
2025-03-16 20:28:38,749 - sciml.model.deeponet.deeponet - INFO - Epoch 34/300
2025-03-16 20:28:38,749 - sciml.model.deeponet.deeponet - INFO - Training Loss: 0.074576
2025-03-16 20:28:38,750 - sciml.model.deeponet.deeponet - INFO - Test Loss: 0.084889
2025-03-16 20:28:38,950 - sciml.model.deeponet.deeponet - INFO - Epoch 35/300
2025-03-16 20:28:38,951 - sciml.model.deeponet.deeponet - INFO - Training Loss: 0.074515
2025-03-16 20:28:38,951 - sciml.model.deeponet.deeponet - INFO - Test Loss: 0.085479
2025-03-16 20:28:39,149 - sciml.model.deeponet.deeponet - INFO - Epoch 36/300
2025-03-16 20:28:39,150 - sciml.model.deeponet.deeponet - INFO - Training Loss: 0.074448
2025-03-16 20:28:39,150 - sciml.model.deeponet.deeponet - INFO - Test Loss: 0.084408
2025-03-16 20:28:39,347 - sciml.model.deeponet.deeponet - INFO - Epoch 37/300
2025-03-16 20:28:39,348 - sciml.model.deeponet.deeponet - INFO - Training Loss: 0.074498
2025-03-16 20:28:39,349 - sciml.model.deeponet.deeponet - INFO - Test Loss: 0.085034
2025-03-16 20:28:39,549 - sciml.model.deeponet.deeponet - INFO - Epoch 38/300
2025-03-16 20:28:39,549 - sciml.model.deeponet.deeponet - INFO - Training Loss: 0.074437
2025-03-16 20:28:39,550 - sciml.model.deeponet.deeponet - INFO - Test Loss: 0.085204
2025-03-16 20:28:39,753 - sciml.model.deeponet.deeponet - INFO - Epoch 39/300
2025-03-16 20:28:39,754 - sciml.model.deeponet.deeponet - INFO - Training Loss: 0.074588
2025-03-16 20:28:39,755 - sciml.model.deeponet.deeponet - INFO - Test Loss: 0.084989
2025-03-16 20:28:39,958 - sciml.model.deeponet.deeponet - INFO - Epoch 40/300
2025-03-16 20:28:39,958 - sciml.model.deeponet.deeponet - INFO - Training Loss: 0.074594
2025-03-16 20:28:39,959 - sciml.model.deeponet.deeponet - INFO - Test Loss: 0.084771
2025-03-16 20:28:40,156 - sciml.model.deeponet.deeponet - INFO - Epoch 41/300
2025-03-16 20:28:40,157 - sciml.model.deeponet.deeponet - INFO - Training Loss: 0.074455
2025-03-16 20:28:40,157 - sciml.model.deeponet.deeponet - INFO - Test Loss: 0.084905
2025-03-16 20:28:40,361 - sciml.model.deeponet.deeponet - INFO - Epoch 42/300
2025-03-16 20:28:40,361 - sciml.model.deeponet.deeponet - INFO - Training Loss: 0.074474
2025-03-16 20:28:40,362 - sciml.model.deeponet.deeponet - INFO - Test Loss: 0.084582
2025-03-16 20:28:40,613 - sciml.model.deeponet.deeponet - INFO - Epoch 43/300
2025-03-16 20:28:40,614 - sciml.model.deeponet.deeponet - INFO - Training Loss: 0.074451
2025-03-16 20:28:40,615 - sciml.model.deeponet.deeponet - INFO - Test Loss: 0.085516
2025-03-16 20:28:40,825 - sciml.model.deeponet.deeponet - INFO - Epoch 44/300
2025-03-16 20:28:40,826 - sciml.model.deeponet.deeponet - INFO - Training Loss: 0.074481
2025-03-16 20:28:40,827 - sciml.model.deeponet.deeponet - INFO - Test Loss: 0.084476
2025-03-16 20:28:41,035 - sciml.model.deeponet.deeponet - INFO - Epoch 45/300
2025-03-16 20:28:41,035 - sciml.model.deeponet.deeponet - INFO - Training Loss: 0.074544
2025-03-16 20:28:41,036 - sciml.model.deeponet.deeponet - INFO - Test Loss: 0.085394
2025-03-16 20:28:41,244 - sciml.model.deeponet.deeponet - INFO - Epoch 46/300
2025-03-16 20:28:41,245 - sciml.model.deeponet.deeponet - INFO - Training Loss: 0.074547
2025-03-16 20:28:41,245 - sciml.model.deeponet.deeponet - INFO - Test Loss: 0.084752
2025-03-16 20:28:41,450 - sciml.model.deeponet.deeponet - INFO - Epoch 47/300
2025-03-16 20:28:41,450 - sciml.model.deeponet.deeponet - INFO - Training Loss: 0.074546
2025-03-16 20:28:41,451 - sciml.model.deeponet.deeponet - INFO - Test Loss: 0.084937
2025-03-16 20:28:41,662 - sciml.model.deeponet.deeponet - INFO - Epoch 48/300
2025-03-16 20:28:41,663 - sciml.model.deeponet.deeponet - INFO - Training Loss: 0.074663
2025-03-16 20:28:41,663 - sciml.model.deeponet.deeponet - INFO - Test Loss: 0.084905
2025-03-16 20:28:41,875 - sciml.model.deeponet.deeponet - INFO - Epoch 49/300
2025-03-16 20:28:41,875 - sciml.model.deeponet.deeponet - INFO - Training Loss: 0.074638
2025-03-16 20:28:41,876 - sciml.model.deeponet.deeponet - INFO - Test Loss: 0.085635
2025-03-16 20:28:42,102 - sciml.model.deeponet.deeponet - INFO - Epoch 50/300
2025-03-16 20:28:42,102 - sciml.model.deeponet.deeponet - INFO - Training Loss: 0.074881
2025-03-16 20:28:42,103 - sciml.model.deeponet.deeponet - INFO - Test Loss: 0.084854
2025-03-16 20:28:42,307 - sciml.model.deeponet.deeponet - INFO - Epoch 51/300
2025-03-16 20:28:42,308 - sciml.model.deeponet.deeponet - INFO - Training Loss: 0.075006
2025-03-16 20:28:42,309 - sciml.model.deeponet.deeponet - INFO - Test Loss: 0.086519
2025-03-16 20:28:42,514 - sciml.model.deeponet.deeponet - INFO - Epoch 52/300
2025-03-16 20:28:42,515 - sciml.model.deeponet.deeponet - INFO - Training Loss: 0.075419
2025-03-16 20:28:42,516 - sciml.model.deeponet.deeponet - INFO - Test Loss: 0.085215
2025-03-16 20:28:42,725 - sciml.model.deeponet.deeponet - INFO - Epoch 53/300
2025-03-16 20:28:42,726 - sciml.model.deeponet.deeponet - INFO - Training Loss: 0.075064
2025-03-16 20:28:42,726 - sciml.model.deeponet.deeponet - INFO - Test Loss: 0.085242
2025-03-16 20:28:42,938 - sciml.model.deeponet.deeponet - INFO - Epoch 54/300
2025-03-16 20:28:42,939 - sciml.model.deeponet.deeponet - INFO - Training Loss: 0.075195
2025-03-16 20:28:42,939 - sciml.model.deeponet.deeponet - INFO - Test Loss: 0.085332
2025-03-16 20:28:43,146 - sciml.model.deeponet.deeponet - INFO - Epoch 55/300
2025-03-16 20:28:43,147 - sciml.model.deeponet.deeponet - INFO - Training Loss: 0.074806
2025-03-16 20:28:43,147 - sciml.model.deeponet.deeponet - INFO - Test Loss: 0.084798
2025-03-16 20:28:43,352 - sciml.model.deeponet.deeponet - INFO - Epoch 56/300
2025-03-16 20:28:43,353 - sciml.model.deeponet.deeponet - INFO - Training Loss: 0.074445
2025-03-16 20:28:43,354 - sciml.model.deeponet.deeponet - INFO - Test Loss: 0.084289
2025-03-16 20:28:43,557 - sciml.model.deeponet.deeponet - INFO - Epoch 57/300
2025-03-16 20:28:43,558 - sciml.model.deeponet.deeponet - INFO - Training Loss: 0.074176
2025-03-16 20:28:43,559 - sciml.model.deeponet.deeponet - INFO - Test Loss: 0.084875
2025-03-16 20:28:43,761 - sciml.model.deeponet.deeponet - INFO - Epoch 58/300
2025-03-16 20:28:43,762 - sciml.model.deeponet.deeponet - INFO - Training Loss: 0.074238
2025-03-16 20:28:43,762 - sciml.model.deeponet.deeponet - INFO - Test Loss: 0.084277
2025-03-16 20:28:43,965 - sciml.model.deeponet.deeponet - INFO - Epoch 59/300
2025-03-16 20:28:43,965 - sciml.model.deeponet.deeponet - INFO - Training Loss: 0.074203
2025-03-16 20:28:43,966 - sciml.model.deeponet.deeponet - INFO - Test Loss: 0.084424
2025-03-16 20:28:44,172 - sciml.model.deeponet.deeponet - INFO - Epoch 60/300
2025-03-16 20:28:44,172 - sciml.model.deeponet.deeponet - INFO - Training Loss: 0.074364
2025-03-16 20:28:44,173 - sciml.model.deeponet.deeponet - INFO - Test Loss: 0.085725
2025-03-16 20:28:44,378 - sciml.model.deeponet.deeponet - INFO - Epoch 61/300
2025-03-16 20:28:44,378 - sciml.model.deeponet.deeponet - INFO - Training Loss: 0.074788
2025-03-16 20:28:44,379 - sciml.model.deeponet.deeponet - INFO - Test Loss: 0.084696
2025-03-16 20:28:44,590 - sciml.model.deeponet.deeponet - INFO - Epoch 62/300
2025-03-16 20:28:44,591 - sciml.model.deeponet.deeponet - INFO - Training Loss: 0.074619
2025-03-16 20:28:44,591 - sciml.model.deeponet.deeponet - INFO - Test Loss: 0.084890
2025-03-16 20:28:44,798 - sciml.model.deeponet.deeponet - INFO - Epoch 63/300
2025-03-16 20:28:44,799 - sciml.model.deeponet.deeponet - INFO - Training Loss: 0.074858
2025-03-16 20:28:44,799 - sciml.model.deeponet.deeponet - INFO - Test Loss: 0.085198
2025-03-16 20:28:45,013 - sciml.model.deeponet.deeponet - INFO - Epoch 64/300
2025-03-16 20:28:45,014 - sciml.model.deeponet.deeponet - INFO - Training Loss: 0.074707
2025-03-16 20:28:45,015 - sciml.model.deeponet.deeponet - INFO - Test Loss: 0.084466
2025-03-16 20:28:45,218 - sciml.model.deeponet.deeponet - INFO - Epoch 65/300
2025-03-16 20:28:45,219 - sciml.model.deeponet.deeponet - INFO - Training Loss: 0.074262
2025-03-16 20:28:45,220 - sciml.model.deeponet.deeponet - INFO - Test Loss: 0.083817
2025-03-16 20:28:45,426 - sciml.model.deeponet.deeponet - INFO - Epoch 66/300
2025-03-16 20:28:45,426 - sciml.model.deeponet.deeponet - INFO - Training Loss: 0.074366
2025-03-16 20:28:45,427 - sciml.model.deeponet.deeponet - INFO - Test Loss: 0.085643
2025-03-16 20:28:45,630 - sciml.model.deeponet.deeponet - INFO - Epoch 67/300
2025-03-16 20:28:45,631 - sciml.model.deeponet.deeponet - INFO - Training Loss: 0.074511
2025-03-16 20:28:45,631 - sciml.model.deeponet.deeponet - INFO - Test Loss: 0.084837
2025-03-16 20:28:45,837 - sciml.model.deeponet.deeponet - INFO - Epoch 68/300
2025-03-16 20:28:45,838 - sciml.model.deeponet.deeponet - INFO - Training Loss: 0.074084
2025-03-16 20:28:45,839 - sciml.model.deeponet.deeponet - INFO - Test Loss: 0.083501
2025-03-16 20:28:46,049 - sciml.model.deeponet.deeponet - INFO - Epoch 69/300
2025-03-16 20:28:46,050 - sciml.model.deeponet.deeponet - INFO - Training Loss: 0.074905
2025-03-16 20:28:46,050 - sciml.model.deeponet.deeponet - INFO - Test Loss: 0.086081
2025-03-16 20:28:46,258 - sciml.model.deeponet.deeponet - INFO - Epoch 70/300
2025-03-16 20:28:46,259 - sciml.model.deeponet.deeponet - INFO - Training Loss: 0.075028
2025-03-16 20:28:46,260 - sciml.model.deeponet.deeponet - INFO - Test Loss: 0.085657
2025-03-16 20:28:46,473 - sciml.model.deeponet.deeponet - INFO - Epoch 71/300
2025-03-16 20:28:46,473 - sciml.model.deeponet.deeponet - INFO - Training Loss: 0.074910
2025-03-16 20:28:46,474 - sciml.model.deeponet.deeponet - INFO - Test Loss: 0.083896
2025-03-16 20:28:46,693 - sciml.model.deeponet.deeponet - INFO - Epoch 72/300
2025-03-16 20:28:46,694 - sciml.model.deeponet.deeponet - INFO - Training Loss: 0.076001
2025-03-16 20:28:46,694 - sciml.model.deeponet.deeponet - INFO - Test Loss: 0.085090
2025-03-16 20:28:46,896 - sciml.model.deeponet.deeponet - INFO - Epoch 73/300
2025-03-16 20:28:46,897 - sciml.model.deeponet.deeponet - INFO - Training Loss: 0.074617
2025-03-16 20:28:46,906 - sciml.model.deeponet.deeponet - INFO - Test Loss: 0.085526
2025-03-16 20:28:47,111 - sciml.model.deeponet.deeponet - INFO - Epoch 74/300
2025-03-16 20:28:47,112 - sciml.model.deeponet.deeponet - INFO - Training Loss: 0.074745
2025-03-16 20:28:47,113 - sciml.model.deeponet.deeponet - INFO - Test Loss: 0.083568
2025-03-16 20:28:47,318 - sciml.model.deeponet.deeponet - INFO - Epoch 75/300
2025-03-16 20:28:47,319 - sciml.model.deeponet.deeponet - INFO - Training Loss: 0.074299
2025-03-16 20:28:47,319 - sciml.model.deeponet.deeponet - INFO - Test Loss: 0.083863
2025-03-16 20:28:47,523 - sciml.model.deeponet.deeponet - INFO - Epoch 76/300
2025-03-16 20:28:47,524 - sciml.model.deeponet.deeponet - INFO - Training Loss: 0.074172
2025-03-16 20:28:47,524 - sciml.model.deeponet.deeponet - INFO - Test Loss: 0.085736
2025-03-16 20:28:47,723 - sciml.model.deeponet.deeponet - INFO - Epoch 77/300
2025-03-16 20:28:47,723 - sciml.model.deeponet.deeponet - INFO - Training Loss: 0.074891
2025-03-16 20:28:47,724 - sciml.model.deeponet.deeponet - INFO - Test Loss: 0.084945
2025-03-16 20:28:47,927 - sciml.model.deeponet.deeponet - INFO - Epoch 78/300
2025-03-16 20:28:47,928 - sciml.model.deeponet.deeponet - INFO - Training Loss: 0.074548
2025-03-16 20:28:47,929 - sciml.model.deeponet.deeponet - INFO - Test Loss: 0.084011
2025-03-16 20:28:48,132 - sciml.model.deeponet.deeponet - INFO - Epoch 79/300
2025-03-16 20:28:48,133 - sciml.model.deeponet.deeponet - INFO - Training Loss: 0.075198
2025-03-16 20:28:48,133 - sciml.model.deeponet.deeponet - INFO - Test Loss: 0.085156
2025-03-16 20:28:48,337 - sciml.model.deeponet.deeponet - INFO - Epoch 80/300
2025-03-16 20:28:48,338 - sciml.model.deeponet.deeponet - INFO - Training Loss: 0.074360
2025-03-16 20:28:48,339 - sciml.model.deeponet.deeponet - INFO - Test Loss: 0.085110
2025-03-16 20:28:48,539 - sciml.model.deeponet.deeponet - INFO - Epoch 81/300
2025-03-16 20:28:48,540 - sciml.model.deeponet.deeponet - INFO - Training Loss: 0.074341
2025-03-16 20:28:48,540 - sciml.model.deeponet.deeponet - INFO - Test Loss: 0.083725
2025-03-16 20:28:48,738 - sciml.model.deeponet.deeponet - INFO - Epoch 82/300
2025-03-16 20:28:48,739 - sciml.model.deeponet.deeponet - INFO - Training Loss: 0.074280
2025-03-16 20:28:48,739 - sciml.model.deeponet.deeponet - INFO - Test Loss: 0.084023
2025-03-16 20:28:48,943 - sciml.model.deeponet.deeponet - INFO - Epoch 83/300
2025-03-16 20:28:48,943 - sciml.model.deeponet.deeponet - INFO - Training Loss: 0.074049
2025-03-16 20:28:48,944 - sciml.model.deeponet.deeponet - INFO - Test Loss: 0.084463
2025-03-16 20:28:49,147 - sciml.model.deeponet.deeponet - INFO - Epoch 84/300
2025-03-16 20:28:49,147 - sciml.model.deeponet.deeponet - INFO - Training Loss: 0.074470
2025-03-16 20:28:49,148 - sciml.model.deeponet.deeponet - INFO - Test Loss: 0.084250
2025-03-16 20:28:49,351 - sciml.model.deeponet.deeponet - INFO - Epoch 85/300
2025-03-16 20:28:49,351 - sciml.model.deeponet.deeponet - INFO - Training Loss: 0.074254
2025-03-16 20:28:49,352 - sciml.model.deeponet.deeponet - INFO - Test Loss: 0.084633
2025-03-16 20:28:49,555 - sciml.model.deeponet.deeponet - INFO - Epoch 86/300
2025-03-16 20:28:49,556 - sciml.model.deeponet.deeponet - INFO - Training Loss: 0.074223
2025-03-16 20:28:49,556 - sciml.model.deeponet.deeponet - INFO - Test Loss: 0.084441
2025-03-16 20:28:49,762 - sciml.model.deeponet.deeponet - INFO - Epoch 87/300
2025-03-16 20:28:49,762 - sciml.model.deeponet.deeponet - INFO - Training Loss: 0.074288
2025-03-16 20:28:49,763 - sciml.model.deeponet.deeponet - INFO - Test Loss: 0.084731
2025-03-16 20:28:49,965 - sciml.model.deeponet.deeponet - INFO - Epoch 88/300
2025-03-16 20:28:49,966 - sciml.model.deeponet.deeponet - INFO - Training Loss: 0.074153
2025-03-16 20:28:49,966 - sciml.model.deeponet.deeponet - INFO - Test Loss: 0.084111
2025-03-16 20:28:50,166 - sciml.model.deeponet.deeponet - INFO - Epoch 89/300
2025-03-16 20:28:50,167 - sciml.model.deeponet.deeponet - INFO - Training Loss: 0.074111
2025-03-16 20:28:50,167 - sciml.model.deeponet.deeponet - INFO - Test Loss: 0.084173
2025-03-16 20:28:50,369 - sciml.model.deeponet.deeponet - INFO - Epoch 90/300
2025-03-16 20:28:50,370 - sciml.model.deeponet.deeponet - INFO - Training Loss: 0.074043
2025-03-16 20:28:50,371 - sciml.model.deeponet.deeponet - INFO - Test Loss: 0.084178
2025-03-16 20:28:50,575 - sciml.model.deeponet.deeponet - INFO - Epoch 91/300
2025-03-16 20:28:50,575 - sciml.model.deeponet.deeponet - INFO - Training Loss: 0.073894
2025-03-16 20:28:50,576 - sciml.model.deeponet.deeponet - INFO - Test Loss: 0.084128
2025-03-16 20:28:50,786 - sciml.model.deeponet.deeponet - INFO - Epoch 92/300
2025-03-16 20:28:50,786 - sciml.model.deeponet.deeponet - INFO - Training Loss: 0.073895
2025-03-16 20:28:50,787 - sciml.model.deeponet.deeponet - INFO - Test Loss: 0.084405
2025-03-16 20:28:51,000 - sciml.model.deeponet.deeponet - INFO - Epoch 93/300
2025-03-16 20:28:51,001 - sciml.model.deeponet.deeponet - INFO - Training Loss: 0.073911
2025-03-16 20:28:51,002 - sciml.model.deeponet.deeponet - INFO - Test Loss: 0.084080
2025-03-16 20:28:51,214 - sciml.model.deeponet.deeponet - INFO - Epoch 94/300
2025-03-16 20:28:51,214 - sciml.model.deeponet.deeponet - INFO - Training Loss: 0.073854
2025-03-16 20:28:51,215 - sciml.model.deeponet.deeponet - INFO - Test Loss: 0.083909
2025-03-16 20:28:51,425 - sciml.model.deeponet.deeponet - INFO - Epoch 95/300
2025-03-16 20:28:51,426 - sciml.model.deeponet.deeponet - INFO - Training Loss: 0.073952
2025-03-16 20:28:51,426 - sciml.model.deeponet.deeponet - INFO - Test Loss: 0.084494
2025-03-16 20:28:51,637 - sciml.model.deeponet.deeponet - INFO - Epoch 96/300
2025-03-16 20:28:51,638 - sciml.model.deeponet.deeponet - INFO - Training Loss: 0.074066
2025-03-16 20:28:51,638 - sciml.model.deeponet.deeponet - INFO - Test Loss: 0.084238
2025-03-16 20:28:51,863 - sciml.model.deeponet.deeponet - INFO - Epoch 97/300
2025-03-16 20:28:51,864 - sciml.model.deeponet.deeponet - INFO - Training Loss: 0.074019
2025-03-16 20:28:51,865 - sciml.model.deeponet.deeponet - INFO - Test Loss: 0.083694
2025-03-16 20:28:52,075 - sciml.model.deeponet.deeponet - INFO - Epoch 98/300
2025-03-16 20:28:52,075 - sciml.model.deeponet.deeponet - INFO - Training Loss: 0.074267
2025-03-16 20:28:52,085 - sciml.model.deeponet.deeponet - INFO - Test Loss: 0.085358
2025-03-16 20:28:52,295 - sciml.model.deeponet.deeponet - INFO - Epoch 99/300
2025-03-16 20:28:52,295 - sciml.model.deeponet.deeponet - INFO - Training Loss: 0.074638
2025-03-16 20:28:52,296 - sciml.model.deeponet.deeponet - INFO - Test Loss: 0.084510
2025-03-16 20:28:52,505 - sciml.model.deeponet.deeponet - INFO - Epoch 100/300
2025-03-16 20:28:52,506 - sciml.model.deeponet.deeponet - INFO - Training Loss: 0.074342
2025-03-16 20:28:52,508 - sciml.model.deeponet.deeponet - INFO - Test Loss: 0.083765
2025-03-16 20:28:52,767 - sciml.model.deeponet.deeponet - INFO - Epoch 101/300
2025-03-16 20:28:52,768 - sciml.model.deeponet.deeponet - INFO - Training Loss: 0.074772
2025-03-16 20:28:52,769 - sciml.model.deeponet.deeponet - INFO - Test Loss: 0.084742
2025-03-16 20:28:52,995 - sciml.model.deeponet.deeponet - INFO - Epoch 102/300
2025-03-16 20:28:52,996 - sciml.model.deeponet.deeponet - INFO - Training Loss: 0.074240
2025-03-16 20:28:52,996 - sciml.model.deeponet.deeponet - INFO - Test Loss: 0.084541
2025-03-16 20:28:53,210 - sciml.model.deeponet.deeponet - INFO - Epoch 103/300
2025-03-16 20:28:53,211 - sciml.model.deeponet.deeponet - INFO - Training Loss: 0.073986
2025-03-16 20:28:53,212 - sciml.model.deeponet.deeponet - INFO - Test Loss: 0.083183
2025-03-16 20:28:53,423 - sciml.model.deeponet.deeponet - INFO - Epoch 104/300
2025-03-16 20:28:53,424 - sciml.model.deeponet.deeponet - INFO - Training Loss: 0.074332
2025-03-16 20:28:53,425 - sciml.model.deeponet.deeponet - INFO - Test Loss: 0.084795
2025-03-16 20:28:53,646 - sciml.model.deeponet.deeponet - INFO - Epoch 105/300
2025-03-16 20:28:53,647 - sciml.model.deeponet.deeponet - INFO - Training Loss: 0.074110
2025-03-16 20:28:53,648 - sciml.model.deeponet.deeponet - INFO - Test Loss: 0.084912
2025-03-16 20:28:53,855 - sciml.model.deeponet.deeponet - INFO - Epoch 106/300
2025-03-16 20:28:53,856 - sciml.model.deeponet.deeponet - INFO - Training Loss: 0.074154
2025-03-16 20:28:53,856 - sciml.model.deeponet.deeponet - INFO - Test Loss: 0.083450
2025-03-16 20:28:54,067 - sciml.model.deeponet.deeponet - INFO - Epoch 107/300
2025-03-16 20:28:54,068 - sciml.model.deeponet.deeponet - INFO - Training Loss: 0.074359
2025-03-16 20:28:54,068 - sciml.model.deeponet.deeponet - INFO - Test Loss: 0.084484
2025-03-16 20:28:54,285 - sciml.model.deeponet.deeponet - INFO - Epoch 108/300
2025-03-16 20:28:54,286 - sciml.model.deeponet.deeponet - INFO - Training Loss: 0.074183
2025-03-16 20:28:54,286 - sciml.model.deeponet.deeponet - INFO - Test Loss: 0.084522
2025-03-16 20:28:54,499 - sciml.model.deeponet.deeponet - INFO - Epoch 109/300
2025-03-16 20:28:54,500 - sciml.model.deeponet.deeponet - INFO - Training Loss: 0.074433
2025-03-16 20:28:54,501 - sciml.model.deeponet.deeponet - INFO - Test Loss: 0.083924
2025-03-16 20:28:54,713 - sciml.model.deeponet.deeponet - INFO - Epoch 110/300
2025-03-16 20:28:54,714 - sciml.model.deeponet.deeponet - INFO - Training Loss: 0.074608
2025-03-16 20:28:54,715 - sciml.model.deeponet.deeponet - INFO - Test Loss: 0.084369
2025-03-16 20:28:54,919 - sciml.model.deeponet.deeponet - INFO - Epoch 111/300
2025-03-16 20:28:54,919 - sciml.model.deeponet.deeponet - INFO - Training Loss: 0.074286
2025-03-16 20:28:54,920 - sciml.model.deeponet.deeponet - INFO - Test Loss: 0.084820
2025-03-16 20:28:55,121 - sciml.model.deeponet.deeponet - INFO - Epoch 112/300
2025-03-16 20:28:55,122 - sciml.model.deeponet.deeponet - INFO - Training Loss: 0.074346
2025-03-16 20:28:55,123 - sciml.model.deeponet.deeponet - INFO - Test Loss: 0.083961
2025-03-16 20:28:55,323 - sciml.model.deeponet.deeponet - INFO - Epoch 113/300
2025-03-16 20:28:55,323 - sciml.model.deeponet.deeponet - INFO - Training Loss: 0.074173
2025-03-16 20:28:55,324 - sciml.model.deeponet.deeponet - INFO - Test Loss: 0.084295
2025-03-16 20:28:55,522 - sciml.model.deeponet.deeponet - INFO - Epoch 114/300
2025-03-16 20:28:55,523 - sciml.model.deeponet.deeponet - INFO - Training Loss: 0.073968
2025-03-16 20:28:55,523 - sciml.model.deeponet.deeponet - INFO - Test Loss: 0.083765
2025-03-16 20:28:55,726 - sciml.model.deeponet.deeponet - INFO - Epoch 115/300
2025-03-16 20:28:55,727 - sciml.model.deeponet.deeponet - INFO - Training Loss: 0.073884
2025-03-16 20:28:55,727 - sciml.model.deeponet.deeponet - INFO - Test Loss: 0.083725
2025-03-16 20:28:55,925 - sciml.model.deeponet.deeponet - INFO - Epoch 116/300
2025-03-16 20:28:55,926 - sciml.model.deeponet.deeponet - INFO - Training Loss: 0.073780
2025-03-16 20:28:55,927 - sciml.model.deeponet.deeponet - INFO - Test Loss: 0.084052
2025-03-16 20:28:56,134 - sciml.model.deeponet.deeponet - INFO - Epoch 117/300
2025-03-16 20:28:56,135 - sciml.model.deeponet.deeponet - INFO - Training Loss: 0.073739
2025-03-16 20:28:56,135 - sciml.model.deeponet.deeponet - INFO - Test Loss: 0.083783
2025-03-16 20:28:56,339 - sciml.model.deeponet.deeponet - INFO - Epoch 118/300
2025-03-16 20:28:56,340 - sciml.model.deeponet.deeponet - INFO - Training Loss: 0.073738
2025-03-16 20:28:56,340 - sciml.model.deeponet.deeponet - INFO - Test Loss: 0.083841
2025-03-16 20:28:56,540 - sciml.model.deeponet.deeponet - INFO - Epoch 119/300
2025-03-16 20:28:56,540 - sciml.model.deeponet.deeponet - INFO - Training Loss: 0.073772
2025-03-16 20:28:56,541 - sciml.model.deeponet.deeponet - INFO - Test Loss: 0.083909
2025-03-16 20:28:56,745 - sciml.model.deeponet.deeponet - INFO - Epoch 120/300
2025-03-16 20:28:56,745 - sciml.model.deeponet.deeponet - INFO - Training Loss: 0.073823
2025-03-16 20:28:56,746 - sciml.model.deeponet.deeponet - INFO - Test Loss: 0.084016
2025-03-16 20:28:56,945 - sciml.model.deeponet.deeponet - INFO - Epoch 121/300
2025-03-16 20:28:56,945 - sciml.model.deeponet.deeponet - INFO - Training Loss: 0.073906
2025-03-16 20:28:56,946 - sciml.model.deeponet.deeponet - INFO - Test Loss: 0.083926
2025-03-16 20:28:57,149 - sciml.model.deeponet.deeponet - INFO - Epoch 122/300
2025-03-16 20:28:57,150 - sciml.model.deeponet.deeponet - INFO - Training Loss: 0.073983
2025-03-16 20:28:57,150 - sciml.model.deeponet.deeponet - INFO - Test Loss: 0.084458
2025-03-16 20:28:57,352 - sciml.model.deeponet.deeponet - INFO - Epoch 123/300
2025-03-16 20:28:57,353 - sciml.model.deeponet.deeponet - INFO - Training Loss: 0.074179
2025-03-16 20:28:57,354 - sciml.model.deeponet.deeponet - INFO - Test Loss: 0.084125
2025-03-16 20:28:57,555 - sciml.model.deeponet.deeponet - INFO - Epoch 124/300
2025-03-16 20:28:57,556 - sciml.model.deeponet.deeponet - INFO - Training Loss: 0.074228
2025-03-16 20:28:57,557 - sciml.model.deeponet.deeponet - INFO - Test Loss: 0.084602
2025-03-16 20:28:57,753 - sciml.model.deeponet.deeponet - INFO - Epoch 125/300
2025-03-16 20:28:57,754 - sciml.model.deeponet.deeponet - INFO - Training Loss: 0.074314
2025-03-16 20:28:57,755 - sciml.model.deeponet.deeponet - INFO - Test Loss: 0.084057
2025-03-16 20:28:57,954 - sciml.model.deeponet.deeponet - INFO - Epoch 126/300
2025-03-16 20:28:57,954 - sciml.model.deeponet.deeponet - INFO - Training Loss: 0.074134
2025-03-16 20:28:57,955 - sciml.model.deeponet.deeponet - INFO - Test Loss: 0.084281
2025-03-16 20:28:58,148 - sciml.model.deeponet.deeponet - INFO - Epoch 127/300
2025-03-16 20:28:58,149 - sciml.model.deeponet.deeponet - INFO - Training Loss: 0.074106
2025-03-16 20:28:58,149 - sciml.model.deeponet.deeponet - INFO - Test Loss: 0.083983
2025-03-16 20:28:58,351 - sciml.model.deeponet.deeponet - INFO - Epoch 128/300
2025-03-16 20:28:58,352 - sciml.model.deeponet.deeponet - INFO - Training Loss: 0.073928
2025-03-16 20:28:58,352 - sciml.model.deeponet.deeponet - INFO - Test Loss: 0.084002
2025-03-16 20:28:58,550 - sciml.model.deeponet.deeponet - INFO - Epoch 129/300
2025-03-16 20:28:58,551 - sciml.model.deeponet.deeponet - INFO - Training Loss: 0.073812
2025-03-16 20:28:58,552 - sciml.model.deeponet.deeponet - INFO - Test Loss: 0.083829
2025-03-16 20:28:58,758 - sciml.model.deeponet.deeponet - INFO - Epoch 130/300
2025-03-16 20:28:58,758 - sciml.model.deeponet.deeponet - INFO - Training Loss: 0.073697
2025-03-16 20:28:58,759 - sciml.model.deeponet.deeponet - INFO - Test Loss: 0.083966
2025-03-16 20:28:58,964 - sciml.model.deeponet.deeponet - INFO - Epoch 131/300
2025-03-16 20:28:58,965 - sciml.model.deeponet.deeponet - INFO - Training Loss: 0.073634
2025-03-16 20:28:58,965 - sciml.model.deeponet.deeponet - INFO - Test Loss: 0.083663
2025-03-16 20:28:59,181 - sciml.model.deeponet.deeponet - INFO - Epoch 132/300
2025-03-16 20:28:59,182 - sciml.model.deeponet.deeponet - INFO - Training Loss: 0.073599
2025-03-16 20:28:59,182 - sciml.model.deeponet.deeponet - INFO - Test Loss: 0.083613
2025-03-16 20:28:59,390 - sciml.model.deeponet.deeponet - INFO - Epoch 133/300
2025-03-16 20:28:59,390 - sciml.model.deeponet.deeponet - INFO - Training Loss: 0.073595
2025-03-16 20:28:59,391 - sciml.model.deeponet.deeponet - INFO - Test Loss: 0.083564
2025-03-16 20:28:59,598 - sciml.model.deeponet.deeponet - INFO - Epoch 134/300
2025-03-16 20:28:59,599 - sciml.model.deeponet.deeponet - INFO - Training Loss: 0.073626
2025-03-16 20:28:59,599 - sciml.model.deeponet.deeponet - INFO - Test Loss: 0.083621
2025-03-16 20:28:59,797 - sciml.model.deeponet.deeponet - INFO - Epoch 135/300
2025-03-16 20:28:59,798 - sciml.model.deeponet.deeponet - INFO - Training Loss: 0.073661
2025-03-16 20:28:59,798 - sciml.model.deeponet.deeponet - INFO - Test Loss: 0.083664
2025-03-16 20:29:00,021 - sciml.model.deeponet.deeponet - INFO - Epoch 136/300
2025-03-16 20:29:00,022 - sciml.model.deeponet.deeponet - INFO - Training Loss: 0.073703
2025-03-16 20:29:00,023 - sciml.model.deeponet.deeponet - INFO - Test Loss: 0.083561
2025-03-16 20:29:00,234 - sciml.model.deeponet.deeponet - INFO - Epoch 137/300
2025-03-16 20:29:00,234 - sciml.model.deeponet.deeponet - INFO - Training Loss: 0.073719
2025-03-16 20:29:00,235 - sciml.model.deeponet.deeponet - INFO - Test Loss: 0.084013
2025-03-16 20:29:00,440 - sciml.model.deeponet.deeponet - INFO - Epoch 138/300
2025-03-16 20:29:00,441 - sciml.model.deeponet.deeponet - INFO - Training Loss: 0.073835
2025-03-16 20:29:00,442 - sciml.model.deeponet.deeponet - INFO - Test Loss: 0.083511
2025-03-16 20:29:00,668 - sciml.model.deeponet.deeponet - INFO - Epoch 139/300
2025-03-16 20:29:00,670 - sciml.model.deeponet.deeponet - INFO - Training Loss: 0.073895
2025-03-16 20:29:00,670 - sciml.model.deeponet.deeponet - INFO - Test Loss: 0.084418
2025-03-16 20:29:00,889 - sciml.model.deeponet.deeponet - INFO - Epoch 140/300
2025-03-16 20:29:00,890 - sciml.model.deeponet.deeponet - INFO - Training Loss: 0.074142
2025-03-16 20:29:00,891 - sciml.model.deeponet.deeponet - INFO - Test Loss: 0.083724
2025-03-16 20:29:01,100 - sciml.model.deeponet.deeponet - INFO - Epoch 141/300
2025-03-16 20:29:01,101 - sciml.model.deeponet.deeponet - INFO - Training Loss: 0.074145
2025-03-16 20:29:01,102 - sciml.model.deeponet.deeponet - INFO - Test Loss: 0.084141
2025-03-16 20:29:01,299 - sciml.model.deeponet.deeponet - INFO - Epoch 142/300
2025-03-16 20:29:01,300 - sciml.model.deeponet.deeponet - INFO - Training Loss: 0.074389
2025-03-16 20:29:01,301 - sciml.model.deeponet.deeponet - INFO - Test Loss: 0.084096
2025-03-16 20:29:01,495 - sciml.model.deeponet.deeponet - INFO - Epoch 143/300
2025-03-16 20:29:01,496 - sciml.model.deeponet.deeponet - INFO - Training Loss: 0.074279
2025-03-16 20:29:01,496 - sciml.model.deeponet.deeponet - INFO - Test Loss: 0.084090
2025-03-16 20:29:01,697 - sciml.model.deeponet.deeponet - INFO - Epoch 144/300
2025-03-16 20:29:01,697 - sciml.model.deeponet.deeponet - INFO - Training Loss: 0.074118
2025-03-16 20:29:01,698 - sciml.model.deeponet.deeponet - INFO - Test Loss: 0.083094
2025-03-16 20:29:01,893 - sciml.model.deeponet.deeponet - INFO - Epoch 145/300
2025-03-16 20:29:01,894 - sciml.model.deeponet.deeponet - INFO - Training Loss: 0.074086
2025-03-16 20:29:01,895 - sciml.model.deeponet.deeponet - INFO - Test Loss: 0.084621
2025-03-16 20:29:02,090 - sciml.model.deeponet.deeponet - INFO - Epoch 146/300
2025-03-16 20:29:02,091 - sciml.model.deeponet.deeponet - INFO - Training Loss: 0.074256
2025-03-16 20:29:02,091 - sciml.model.deeponet.deeponet - INFO - Test Loss: 0.083649
2025-03-16 20:29:02,294 - sciml.model.deeponet.deeponet - INFO - Epoch 147/300
2025-03-16 20:29:02,295 - sciml.model.deeponet.deeponet - INFO - Training Loss: 0.073794
2025-03-16 20:29:02,295 - sciml.model.deeponet.deeponet - INFO - Test Loss: 0.082673
2025-03-16 20:29:02,492 - sciml.model.deeponet.deeponet - INFO - Epoch 148/300
2025-03-16 20:29:02,492 - sciml.model.deeponet.deeponet - INFO - Training Loss: 0.074249
2025-03-16 20:29:02,494 - sciml.model.deeponet.deeponet - INFO - Test Loss: 0.084131
2025-03-16 20:29:02,689 - sciml.model.deeponet.deeponet - INFO - Epoch 149/300
2025-03-16 20:29:02,690 - sciml.model.deeponet.deeponet - INFO - Training Loss: 0.073926
2025-03-16 20:29:02,691 - sciml.model.deeponet.deeponet - INFO - Test Loss: 0.084043
2025-03-16 20:29:02,894 - sciml.model.deeponet.deeponet - INFO - Epoch 150/300
2025-03-16 20:29:02,895 - sciml.model.deeponet.deeponet - INFO - Training Loss: 0.074002
2025-03-16 20:29:02,895 - sciml.model.deeponet.deeponet - INFO - Test Loss: 0.083153
2025-03-16 20:29:03,093 - sciml.model.deeponet.deeponet - INFO - Epoch 151/300
2025-03-16 20:29:03,094 - sciml.model.deeponet.deeponet - INFO - Training Loss: 0.074480
2025-03-16 20:29:03,094 - sciml.model.deeponet.deeponet - INFO - Test Loss: 0.083926
2025-03-16 20:29:03,288 - sciml.model.deeponet.deeponet - INFO - Epoch 152/300
2025-03-16 20:29:03,288 - sciml.model.deeponet.deeponet - INFO - Training Loss: 0.074359
2025-03-16 20:29:03,289 - sciml.model.deeponet.deeponet - INFO - Test Loss: 0.084809
2025-03-16 20:29:03,485 - sciml.model.deeponet.deeponet - INFO - Epoch 153/300
2025-03-16 20:29:03,486 - sciml.model.deeponet.deeponet - INFO - Training Loss: 0.074584
2025-03-16 20:29:03,487 - sciml.model.deeponet.deeponet - INFO - Test Loss: 0.083152
2025-03-16 20:29:03,684 - sciml.model.deeponet.deeponet - INFO - Epoch 154/300
2025-03-16 20:29:03,685 - sciml.model.deeponet.deeponet - INFO - Training Loss: 0.074374
2025-03-16 20:29:03,686 - sciml.model.deeponet.deeponet - INFO - Test Loss: 0.083715
2025-03-16 20:29:03,884 - sciml.model.deeponet.deeponet - INFO - Epoch 155/300
2025-03-16 20:29:03,885 - sciml.model.deeponet.deeponet - INFO - Training Loss: 0.073909
2025-03-16 20:29:03,886 - sciml.model.deeponet.deeponet - INFO - Test Loss: 0.083776
2025-03-16 20:29:04,086 - sciml.model.deeponet.deeponet - INFO - Epoch 156/300
2025-03-16 20:29:04,086 - sciml.model.deeponet.deeponet - INFO - Training Loss: 0.073779
2025-03-16 20:29:04,087 - sciml.model.deeponet.deeponet - INFO - Test Loss: 0.083363
2025-03-16 20:29:04,287 - sciml.model.deeponet.deeponet - INFO - Epoch 157/300
2025-03-16 20:29:04,287 - sciml.model.deeponet.deeponet - INFO - Training Loss: 0.073556
2025-03-16 20:29:04,288 - sciml.model.deeponet.deeponet - INFO - Test Loss: 0.083271
2025-03-16 20:29:04,498 - sciml.model.deeponet.deeponet - INFO - Epoch 158/300
2025-03-16 20:29:04,499 - sciml.model.deeponet.deeponet - INFO - Training Loss: 0.073676
2025-03-16 20:29:04,499 - sciml.model.deeponet.deeponet - INFO - Test Loss: 0.083829
2025-03-16 20:29:04,701 - sciml.model.deeponet.deeponet - INFO - Epoch 159/300
2025-03-16 20:29:04,701 - sciml.model.deeponet.deeponet - INFO - Training Loss: 0.073868
2025-03-16 20:29:04,702 - sciml.model.deeponet.deeponet - INFO - Test Loss: 0.083848
2025-03-16 20:29:04,902 - sciml.model.deeponet.deeponet - INFO - Epoch 160/300
2025-03-16 20:29:04,903 - sciml.model.deeponet.deeponet - INFO - Training Loss: 0.073898
2025-03-16 20:29:04,903 - sciml.model.deeponet.deeponet - INFO - Test Loss: 0.082972
2025-03-16 20:29:05,118 - sciml.model.deeponet.deeponet - INFO - Epoch 161/300
2025-03-16 20:29:05,119 - sciml.model.deeponet.deeponet - INFO - Training Loss: 0.074175
2025-03-16 20:29:05,119 - sciml.model.deeponet.deeponet - INFO - Test Loss: 0.084348
2025-03-16 20:29:05,322 - sciml.model.deeponet.deeponet - INFO - Epoch 162/300
2025-03-16 20:29:05,323 - sciml.model.deeponet.deeponet - INFO - Training Loss: 0.074289
2025-03-16 20:29:05,324 - sciml.model.deeponet.deeponet - INFO - Test Loss: 0.083684
2025-03-16 20:29:05,525 - sciml.model.deeponet.deeponet - INFO - Epoch 163/300
2025-03-16 20:29:05,526 - sciml.model.deeponet.deeponet - INFO - Training Loss: 0.074080
2025-03-16 20:29:05,526 - sciml.model.deeponet.deeponet - INFO - Test Loss: 0.083003
2025-03-16 20:29:05,727 - sciml.model.deeponet.deeponet - INFO - Epoch 164/300
2025-03-16 20:29:05,727 - sciml.model.deeponet.deeponet - INFO - Training Loss: 0.074203
2025-03-16 20:29:05,728 - sciml.model.deeponet.deeponet - INFO - Test Loss: 0.083598
2025-03-16 20:29:05,927 - sciml.model.deeponet.deeponet - INFO - Epoch 165/300
2025-03-16 20:29:05,928 - sciml.model.deeponet.deeponet - INFO - Training Loss: 0.073726
2025-03-16 20:29:05,929 - sciml.model.deeponet.deeponet - INFO - Test Loss: 0.083805
2025-03-16 20:29:06,130 - sciml.model.deeponet.deeponet - INFO - Epoch 166/300
2025-03-16 20:29:06,131 - sciml.model.deeponet.deeponet - INFO - Training Loss: 0.073690
2025-03-16 20:29:06,132 - sciml.model.deeponet.deeponet - INFO - Test Loss: 0.083064
2025-03-16 20:29:06,329 - sciml.model.deeponet.deeponet - INFO - Epoch 167/300
2025-03-16 20:29:06,330 - sciml.model.deeponet.deeponet - INFO - Training Loss: 0.073661
2025-03-16 20:29:06,331 - sciml.model.deeponet.deeponet - INFO - Test Loss: 0.082930
2025-03-16 20:29:06,571 - sciml.model.deeponet.deeponet - INFO - Epoch 168/300
2025-03-16 20:29:06,572 - sciml.model.deeponet.deeponet - INFO - Training Loss: 0.073602
2025-03-16 20:29:06,572 - sciml.model.deeponet.deeponet - INFO - Test Loss: 0.083650
2025-03-16 20:29:06,772 - sciml.model.deeponet.deeponet - INFO - Epoch 169/300
2025-03-16 20:29:06,773 - sciml.model.deeponet.deeponet - INFO - Training Loss: 0.073784
2025-03-16 20:29:06,774 - sciml.model.deeponet.deeponet - INFO - Test Loss: 0.083113
2025-03-16 20:29:06,970 - sciml.model.deeponet.deeponet - INFO - Epoch 170/300
2025-03-16 20:29:06,971 - sciml.model.deeponet.deeponet - INFO - Training Loss: 0.073636
2025-03-16 20:29:06,972 - sciml.model.deeponet.deeponet - INFO - Test Loss: 0.083072
2025-03-16 20:29:07,165 - sciml.model.deeponet.deeponet - INFO - Epoch 171/300
2025-03-16 20:29:07,166 - sciml.model.deeponet.deeponet - INFO - Training Loss: 0.073746
2025-03-16 20:29:07,167 - sciml.model.deeponet.deeponet - INFO - Test Loss: 0.083571
2025-03-16 20:29:07,366 - sciml.model.deeponet.deeponet - INFO - Epoch 172/300
2025-03-16 20:29:07,367 - sciml.model.deeponet.deeponet - INFO - Training Loss: 0.073724
2025-03-16 20:29:07,367 - sciml.model.deeponet.deeponet - INFO - Test Loss: 0.083526
2025-03-16 20:29:07,567 - sciml.model.deeponet.deeponet - INFO - Epoch 173/300
2025-03-16 20:29:07,567 - sciml.model.deeponet.deeponet - INFO - Training Loss: 0.073596
2025-03-16 20:29:07,568 - sciml.model.deeponet.deeponet - INFO - Test Loss: 0.082673
2025-03-16 20:29:07,761 - sciml.model.deeponet.deeponet - INFO - Epoch 174/300
2025-03-16 20:29:07,762 - sciml.model.deeponet.deeponet - INFO - Training Loss: 0.073649
2025-03-16 20:29:07,762 - sciml.model.deeponet.deeponet - INFO - Test Loss: 0.083114
2025-03-16 20:29:07,962 - sciml.model.deeponet.deeponet - INFO - Epoch 175/300
2025-03-16 20:29:07,963 - sciml.model.deeponet.deeponet - INFO - Training Loss: 0.073443
2025-03-16 20:29:07,963 - sciml.model.deeponet.deeponet - INFO - Test Loss: 0.083119
2025-03-16 20:29:08,164 - sciml.model.deeponet.deeponet - INFO - Epoch 176/300
2025-03-16 20:29:08,165 - sciml.model.deeponet.deeponet - INFO - Training Loss: 0.073490
2025-03-16 20:29:08,166 - sciml.model.deeponet.deeponet - INFO - Test Loss: 0.082720
2025-03-16 20:29:08,366 - sciml.model.deeponet.deeponet - INFO - Epoch 177/300
2025-03-16 20:29:08,366 - sciml.model.deeponet.deeponet - INFO - Training Loss: 0.073538
2025-03-16 20:29:08,367 - sciml.model.deeponet.deeponet - INFO - Test Loss: 0.083373
2025-03-16 20:29:08,564 - sciml.model.deeponet.deeponet - INFO - Epoch 178/300
2025-03-16 20:29:08,565 - sciml.model.deeponet.deeponet - INFO - Training Loss: 0.073483
2025-03-16 20:29:08,566 - sciml.model.deeponet.deeponet - INFO - Test Loss: 0.083374
2025-03-16 20:29:08,765 - sciml.model.deeponet.deeponet - INFO - Epoch 179/300
2025-03-16 20:29:08,766 - sciml.model.deeponet.deeponet - INFO - Training Loss: 0.073432
2025-03-16 20:29:08,766 - sciml.model.deeponet.deeponet - INFO - Test Loss: 0.082916
2025-03-16 20:29:08,967 - sciml.model.deeponet.deeponet - INFO - Epoch 180/300
2025-03-16 20:29:08,968 - sciml.model.deeponet.deeponet - INFO - Training Loss: 0.073486
2025-03-16 20:29:08,969 - sciml.model.deeponet.deeponet - INFO - Test Loss: 0.083268
2025-03-16 20:29:09,162 - sciml.model.deeponet.deeponet - INFO - Epoch 181/300
2025-03-16 20:29:09,163 - sciml.model.deeponet.deeponet - INFO - Training Loss: 0.073442
2025-03-16 20:29:09,164 - sciml.model.deeponet.deeponet - INFO - Test Loss: 0.082922
2025-03-16 20:29:09,360 - sciml.model.deeponet.deeponet - INFO - Epoch 182/300
2025-03-16 20:29:09,360 - sciml.model.deeponet.deeponet - INFO - Training Loss: 0.073407
2025-03-16 20:29:09,361 - sciml.model.deeponet.deeponet - INFO - Test Loss: 0.082478
2025-03-16 20:29:09,562 - sciml.model.deeponet.deeponet - INFO - Epoch 183/300
2025-03-16 20:29:09,562 - sciml.model.deeponet.deeponet - INFO - Training Loss: 0.073508
2025-03-16 20:29:09,563 - sciml.model.deeponet.deeponet - INFO - Test Loss: 0.083248
2025-03-16 20:29:09,769 - sciml.model.deeponet.deeponet - INFO - Epoch 184/300
2025-03-16 20:29:09,770 - sciml.model.deeponet.deeponet - INFO - Training Loss: 0.073561
2025-03-16 20:29:09,771 - sciml.model.deeponet.deeponet - INFO - Test Loss: 0.083335
2025-03-16 20:29:07,047 - sciml.model.deeponet.deeponet - INFO - Epoch 185/300
2025-03-16 20:29:07,048 - sciml.model.deeponet.deeponet - INFO - Training Loss: 0.073496
2025-03-16 20:29:07,049 - sciml.model.deeponet.deeponet - INFO - Test Loss: 0.082602
2025-03-16 20:29:07,257 - sciml.model.deeponet.deeponet - INFO - Epoch 186/300
2025-03-16 20:29:07,258 - sciml.model.deeponet.deeponet - INFO - Training Loss: 0.073654
2025-03-16 20:29:07,259 - sciml.model.deeponet.deeponet - INFO - Test Loss: 0.083739
2025-03-16 20:29:07,465 - sciml.model.deeponet.deeponet - INFO - Epoch 187/300
2025-03-16 20:29:07,465 - sciml.model.deeponet.deeponet - INFO - Training Loss: 0.073663
2025-03-16 20:29:07,466 - sciml.model.deeponet.deeponet - INFO - Test Loss: 0.083111
2025-03-16 20:29:07,678 - sciml.model.deeponet.deeponet - INFO - Epoch 188/300
2025-03-16 20:29:07,679 - sciml.model.deeponet.deeponet - INFO - Training Loss: 0.073665
2025-03-16 20:29:07,679 - sciml.model.deeponet.deeponet - INFO - Test Loss: 0.082690
2025-03-16 20:29:07,900 - sciml.model.deeponet.deeponet - INFO - Epoch 189/300
2025-03-16 20:29:07,901 - sciml.model.deeponet.deeponet - INFO - Training Loss: 0.073930
2025-03-16 20:29:07,902 - sciml.model.deeponet.deeponet - INFO - Test Loss: 0.083371
2025-03-16 20:29:08,138 - sciml.model.deeponet.deeponet - INFO - Epoch 190/300
2025-03-16 20:29:08,139 - sciml.model.deeponet.deeponet - INFO - Training Loss: 0.073881
2025-03-16 20:29:08,140 - sciml.model.deeponet.deeponet - INFO - Test Loss: 0.083820
2025-03-16 20:29:08,362 - sciml.model.deeponet.deeponet - INFO - Epoch 191/300
2025-03-16 20:29:08,363 - sciml.model.deeponet.deeponet - INFO - Training Loss: 0.074144
2025-03-16 20:29:08,364 - sciml.model.deeponet.deeponet - INFO - Test Loss: 0.082804
2025-03-16 20:29:08,584 - sciml.model.deeponet.deeponet - INFO - Epoch 192/300
2025-03-16 20:29:08,585 - sciml.model.deeponet.deeponet - INFO - Training Loss: 0.074112
2025-03-16 20:29:08,585 - sciml.model.deeponet.deeponet - INFO - Test Loss: 0.083847
2025-03-16 20:29:08,813 - sciml.model.deeponet.deeponet - INFO - Epoch 193/300
2025-03-16 20:29:08,814 - sciml.model.deeponet.deeponet - INFO - Training Loss: 0.074240
2025-03-16 20:29:08,815 - sciml.model.deeponet.deeponet - INFO - Test Loss: 0.083306
2025-03-16 20:29:09,040 - sciml.model.deeponet.deeponet - INFO - Epoch 194/300
2025-03-16 20:29:09,041 - sciml.model.deeponet.deeponet - INFO - Training Loss: 0.074441
2025-03-16 20:29:09,042 - sciml.model.deeponet.deeponet - INFO - Test Loss: 0.084068
2025-03-16 20:29:09,271 - sciml.model.deeponet.deeponet - INFO - Epoch 195/300
2025-03-16 20:29:09,272 - sciml.model.deeponet.deeponet - INFO - Training Loss: 0.074541
2025-03-16 20:29:09,273 - sciml.model.deeponet.deeponet - INFO - Test Loss: 0.083378
2025-03-16 20:29:09,516 - sciml.model.deeponet.deeponet - INFO - Epoch 196/300
2025-03-16 20:29:09,517 - sciml.model.deeponet.deeponet - INFO - Training Loss: 0.074108
2025-03-16 20:29:09,518 - sciml.model.deeponet.deeponet - INFO - Test Loss: 0.083755
2025-03-16 20:29:09,780 - sciml.model.deeponet.deeponet - INFO - Epoch 197/300
2025-03-16 20:29:09,780 - sciml.model.deeponet.deeponet - INFO - Training Loss: 0.074127
2025-03-16 20:29:09,781 - sciml.model.deeponet.deeponet - INFO - Test Loss: 0.082944
2025-03-16 20:29:10,042 - sciml.model.deeponet.deeponet - INFO - Epoch 198/300
2025-03-16 20:29:10,043 - sciml.model.deeponet.deeponet - INFO - Training Loss: 0.073745
2025-03-16 20:29:10,044 - sciml.model.deeponet.deeponet - INFO - Test Loss: 0.082947
2025-03-16 20:29:10,268 - sciml.model.deeponet.deeponet - INFO - Epoch 199/300
2025-03-16 20:29:10,269 - sciml.model.deeponet.deeponet - INFO - Training Loss: 0.073508
2025-03-16 20:29:10,270 - sciml.model.deeponet.deeponet - INFO - Test Loss: 0.082534
2025-03-16 20:29:10,536 - sciml.model.deeponet.deeponet - INFO - Epoch 200/300
2025-03-16 20:29:10,537 - sciml.model.deeponet.deeponet - INFO - Training Loss: 0.073413
2025-03-16 20:29:10,538 - sciml.model.deeponet.deeponet - INFO - Test Loss: 0.082737
2025-03-16 20:29:10,847 - sciml.model.deeponet.deeponet - INFO - Epoch 201/300
2025-03-16 20:29:10,849 - sciml.model.deeponet.deeponet - INFO - Training Loss: 0.073336
2025-03-16 20:29:10,851 - sciml.model.deeponet.deeponet - INFO - Test Loss: 0.083084
