2025-03-16 23:43:21,220 - sciml.model.fno.fno - INFO - Model initialized with 5 epochs, 32 batch size, 0.001 learning rate
2025-03-16 23:43:29,746 - sciml.model.fno.fno - INFO - === Partial Training Started ===
2025-03-16 23:43:29,751 - sciml.model.fno.fno - INFO - Model Configuration:
2025-03-16 23:43:29,753 - sciml.model.fno.fno - INFO - Hyperparameters: {
  "p_1": 30,
  "p_2": 30,
  "p_3": 30,
  "device": "GPU",
  "n_epochs": 5,
  "index": 450,
  "alpha": 0.5,
  "folder_path": "data/test_data/big_dataset_fno/heat2d/",
  "best_loss": 5e-05
}
2025-03-16 23:43:29,753 - sciml.model.fno.fno - INFO - Fourier Parameters: {
  "n_layers": 4,
  "dim_coords": 2,
  "n_modes": 30,
  "activation": "relu",
  "kernel_initializer": "he_normal"
}
2025-03-16 23:43:29,756 - sciml.model.fno.fno - INFO - Data Shape - Inputs: (500, 30, 30), Solutions: (500, 30, 30)
2025-03-16 23:43:29,757 - sciml.model.fno.fno - INFO - Alpha (partial training fraction): 0.5
2025-03-16 23:43:29,757 - sciml.model.fno.fno - INFO - Device: GPU
2025-03-16 23:43:31,844 - sciml.model.fno.fno - INFO - Epoch 1/5
2025-03-16 23:43:31,845 - sciml.model.fno.fno - INFO - Training Loss: 0.085962
2025-03-16 23:43:31,845 - sciml.model.fno.fno - INFO - Test Loss: 0.069511
2025-03-16 23:43:33,282 - sciml.model.fno.fno - INFO - Epoch 2/5
2025-03-16 23:43:33,282 - sciml.model.fno.fno - INFO - Training Loss: 0.072739
2025-03-16 23:43:33,282 - sciml.model.fno.fno - INFO - Test Loss: 0.045018
2025-03-16 23:43:34,571 - sciml.model.fno.fno - INFO - Epoch 3/5
2025-03-16 23:43:34,572 - sciml.model.fno.fno - INFO - Training Loss: 0.022999
2025-03-16 23:43:34,572 - sciml.model.fno.fno - INFO - Test Loss: 0.006078
2025-03-16 23:43:35,797 - sciml.model.fno.fno - INFO - Epoch 4/5
2025-03-16 23:43:35,798 - sciml.model.fno.fno - INFO - Training Loss: 0.004552
2025-03-16 23:43:35,798 - sciml.model.fno.fno - INFO - Test Loss: 0.002202
2025-03-16 23:43:37,223 - sciml.model.fno.fno - INFO - Epoch 5/5
2025-03-16 23:43:37,223 - sciml.model.fno.fno - INFO - Training Loss: 0.001569
2025-03-16 23:43:37,223 - sciml.model.fno.fno - INFO - Test Loss: 0.001484
2025-03-16 23:43:37,231 - sciml.model.fno.fno - INFO - === Partial Training Completed ===
2025-03-16 23:43:37,231 - sciml.model.fno.fno - INFO - Final Training Loss: 0.001569
2025-03-16 23:43:37,232 - sciml.model.fno.fno - INFO - Final Test Loss: 0.001484
